Open5GS daemon v2.7.1

05/17 18:20:52.843: [app] INFO: Configuration: 'amf.yaml' (../lib/app/ogs-init.c:133)
05/17 18:20:52.843: [app] INFO: File Logging: 'log/open5gs/amf.log' (../lib/app/ogs-init.c:136)
05/17 18:20:52.846: [metrics] ERROR: Cannot start Prometheus HTTP server (../lib/metrics/prometheus/context.c:282)
05/17 18:20:52.846: [sbi] INFO: NF Service [namf-comm] (../lib/sbi/context.c:1841)
05/17 18:20:52.846: [sbi] INFO: nghttp2_server() [http://127.0.0.5]:7777 (../lib/sbi/nghttp2-server.c:414)
05/17 18:20:52.846: [amf] INFO: ngap_server() [10.237.27.115]:38412 (../src/amf/ngap-sctp.c:61)
05/17 18:20:52.846: [sctp] INFO: AMF initialize...done (../src/amf/app.c:33)
05/17 18:20:52.846: [sbi] INFO: [183c5186-144c-41ef-913c-63f2f132b8c8] NF registered [Heartbeat:10s] (../lib/sbi/nf-sm.c:221)
05/17 18:20:52.847: [sbi] INFO: [183ca8fc-144c-41ef-94f4-59214f0394da] Subscription created until 2024-05-18T18:20:52.847340+05:30 [duration:86400,validity:86399.999369,patch:43199.999684] (../lib/sbi/nnrf-handler.c:813)
05/17 18:20:52.848: [sbi] INFO: [183cae24-144c-41ef-94f4-59214f0394da] Subscription created until 2024-05-18T18:20:52.847471+05:30 [duration:86400,validity:86399.999366,patch:43199.999683] (../lib/sbi/nnrf-handler.c:813)
05/17 18:20:52.848: [sbi] INFO: [183cb018-144c-41ef-94f4-59214f0394da] Subscription created until 2024-05-18T18:20:52.847520+05:30 [duration:86400,validity:86399.998902,patch:43199.999451] (../lib/sbi/nnrf-handler.c:813)
05/17 18:20:52.848: [sbi] INFO: [183cb586-144c-41ef-94f4-59214f0394da] Subscription created until 2024-05-18T18:20:52.847659+05:30 [duration:86400,validity:86399.998755,patch:43199.999377] (../lib/sbi/nnrf-handler.c:813)
05/17 18:20:52.848: [sbi] INFO: [183cba72-144c-41ef-94f4-59214f0394da] Subscription created until 2024-05-18T18:20:52.847785+05:30 [duration:86400,validity:86399.998822,patch:43199.999411] (../lib/sbi/nnrf-handler.c:813)
05/17 18:20:52.849: [sbi] INFO: [183cbc66-144c-41ef-94f4-59214f0394da] Subscription created until 2024-05-18T18:20:52.847835+05:30 [duration:86400,validity:86399.998632,patch:43199.999316] (../lib/sbi/nnrf-handler.c:813)
05/17 18:20:52.849: [sbi] INFO: [183cbe8c-144c-41ef-94f4-59214f0394da] Subscription created until 2024-05-18T18:20:52.847890+05:30 [duration:86400,validity:86399.998645,patch:43199.999322] (../lib/sbi/nnrf-handler.c:813)
05/17 18:20:52.970: [sbi] INFO: (NRF-notify) NF registered [1843db2c-144c-41ef-8bee-652c81426c74:1] (../lib/sbi/nnrf-handler.c:1058)
05/17 18:20:52.970: [sbi] INFO: [SMF] (NRF-notify) NF Profile updated [1843db2c-144c-41ef-8bee-652c81426c74:1] (../lib/sbi/nnrf-handler.c:1072)
05/17 18:21:03.861: [sbi] INFO: (NRF-notify) NF registered [183bf740-144c-41ef-9435-fd88e2ca8c1e:1] (../lib/sbi/nnrf-handler.c:1058)
05/17 18:21:03.862: [sbi] INFO: [UDM] (NRF-notify) NF Profile updated [183bf740-144c-41ef-9435-fd88e2ca8c1e:1] (../lib/sbi/nnrf-handler.c:1072)
05/17 18:21:03.862: [sbi] WARNING: [UDM] (NRF-notify) NF has already been added [183bf740-144c-41ef-9435-fd88e2ca8c1e:1] (../lib/sbi/nnrf-handler.c:1061)
05/17 18:21:03.862: [sbi] INFO: [UDM] (NRF-notify) NF Profile updated [183bf740-144c-41ef-9435-fd88e2ca8c1e:1] (../lib/sbi/nnrf-handler.c:1072)
05/17 18:21:03.862: [sbi] WARNING: NF EndPoint(addr) updated [127.0.0.12:80] (../lib/sbi/context.c:2210)
05/17 18:21:03.862: [sbi] WARNING: NF EndPoint(addr) updated [127.0.0.12:7777] (../lib/sbi/context.c:1946)
05/17 18:21:03.863: [sbi] INFO: (NRF-notify) NF registered [183bf920-144c-41ef-9571-0b1f42f053d9:1] (../lib/sbi/nnrf-handler.c:1058)
05/17 18:21:03.863: [sbi] INFO: [NSSF] (NRF-notify) NF Profile updated [183bf920-144c-41ef-9571-0b1f42f053d9:1] (../lib/sbi/nnrf-handler.c:1072)
05/17 18:21:20.808: [amf] INFO: gNB-N2 accepted[10.237.27.10]:60299 in ng-path module (../src/amf/ngap-sctp.c:113)
05/17 18:21:20.808: [amf] INFO: gNB-N2 accepted[10.237.27.10] in master_sm module (../src/amf/amf-sm.c:757)
05/17 18:21:20.817: [amf] INFO: [Added] Number of gNBs is now 1 (../src/amf/context.c:1236)
05/17 18:21:20.817: [amf] INFO: gNB-N2[10.237.27.10] max_num_of_ostreams : 10 (../src/amf/amf-sm.c:796)
05/17 18:21:34.018: [amf] INFO: InitialUEMessage (../src/amf/ngap-handler.c:401)
05/17 18:21:34.018: [amf] INFO: [Added] Number of gNB-UEs is now 1 (../src/amf/context.c:2662)
05/17 18:21:34.018: [amf] INFO:     RAN_UE_NGAP_ID[1] AMF_UE_NGAP_ID[1] TAC[1] CellID[0x10] (../src/amf/ngap-handler.c:562)
05/17 18:21:34.018: [amf] INFO: [suci-0-999-70-0000-0-0-0000000001] Unknown UE by SUCI (../src/amf/context.c:1844)
05/17 18:21:34.018: [amf] INFO: [Added] Number of AMF-UEs is now 1 (../src/amf/context.c:1621)
05/17 18:21:34.018: [gmm] INFO: Registration request (../src/amf/gmm-sm.c:1214)
05/17 18:21:34.018: [gmm] INFO: [suci-0-999-70-0000-0-0-0000000001]    SUCI (../src/amf/gmm-handler.c:172)
05/17 18:21:34.026: [sbi] INFO: [AUSF] (SCP-discover) NF registered [183c2ef4-144c-41ef-8ff3-e992414ac5d3:1] (../lib/sbi/path.c:211)
05/17 18:21:34.053: [sbi] INFO: [PCF] (SCP-discover) NF registered [183c6946-144c-41ef-94e8-6b910cbe25aa:1] (../lib/sbi/path.c:211)
05/17 18:21:34.054: [amf] WARNING: NF EndPoint(addr) updated [127.0.0.12:7777] (../src/amf/npcf-handler.c:143)
05/17 18:21:34.260: [gmm] INFO: [imsi-999700000000001] Registration complete (../src/amf/gmm-sm.c:2313)
05/17 18:21:34.260: [amf] INFO: [imsi-999700000000001] Configuration update command (../src/amf/nas-path.c:591)
05/17 18:21:34.260: [gmm] INFO:     UTC [2024-05-17T12:51:34] Timezone[0]/DST[0] (../src/amf/gmm-build.c:558)
05/17 18:21:34.260: [gmm] INFO:     LOCAL [2024-05-17T18:21:34] Timezone[19800]/DST[0] (../src/amf/gmm-build.c:563)
05/17 18:21:34.260: [amf] INFO: [Added] Number of AMF-Sessions is now 1 (../src/amf/context.c:2683)
05/17 18:21:34.260: [gmm] INFO: UE SUPI[imsi-999700000000001] DNN[internet] S_NSSAI[SST:1 SD:0xffffff] smContextRef[NULL] smContextResourceURI[NULL] (../src/amf/gmm-handler.c:1285)
05/17 18:21:34.260: [gmm] INFO: SMF Instance [1843db2c-144c-41ef-8bee-652c81426c74] (../src/amf/gmm-handler.c:1326)
05/17 18:21:34.277: [amf] ERROR: [1:0] PDU session establishment reject (../src/amf/namf-handler.c:480)
05/17 18:21:34.277: [amf] WARNING: [suci-0-999-70-0000-0-0-0000000001] DL NAS transport (../src/amf/nas-path.c:994)
05/17 18:21:34.277: [amf] INFO: [Removed] Number of AMF-Sessions is now 0 (../src/amf/context.c:2690)
05/17 18:21:35.116: [amf] INFO: [Added] Number of AMF-Sessions is now 1 (../src/amf/context.c:2683)
05/17 18:21:35.116: [gmm] INFO: UE SUPI[imsi-999700000000001] DNN[internet] S_NSSAI[SST:1 SD:0xffffff] smContextRef[NULL] smContextResourceURI[NULL] (../src/amf/gmm-handler.c:1285)
05/17 18:21:35.116: [gmm] INFO: SMF Instance [1843db2c-144c-41ef-8bee-652c81426c74] (../src/amf/gmm-handler.c:1326)
05/17 18:21:35.132: [amf] ERROR: [1:0] PDU session establishment reject (../src/amf/namf-handler.c:480)
05/17 18:21:35.132: [amf] WARNING: [suci-0-999-70-0000-0-0-0000000001] DL NAS transport (../src/amf/nas-path.c:994)
05/17 18:21:35.132: [amf] INFO: [Removed] Number of AMF-Sessions is now 0 (../src/amf/context.c:2690)
05/17 18:21:36.218: [amf] INFO: [Added] Number of AMF-Sessions is now 1 (../src/amf/context.c:2683)
05/17 18:21:36.218: [gmm] INFO: UE SUPI[imsi-999700000000001] DNN[internet] S_NSSAI[SST:1 SD:0xffffff] smContextRef[NULL] smContextResourceURI[NULL] (../src/amf/gmm-handler.c:1285)
05/17 18:21:36.218: [gmm] INFO: SMF Instance [1843db2c-144c-41ef-8bee-652c81426c74] (../src/amf/gmm-handler.c:1326)
05/17 18:21:36.233: [amf] ERROR: [1:0] PDU session establishment reject (../src/amf/namf-handler.c:480)
05/17 18:21:36.233: [amf] WARNING: [suci-0-999-70-0000-0-0-0000000001] DL NAS transport (../src/amf/nas-path.c:994)
05/17 18:21:36.233: [amf] INFO: [Removed] Number of AMF-Sessions is now 0 (../src/amf/context.c:2690)
05/17 18:21:37.319: [amf] INFO: [Added] Number of AMF-Sessions is now 1 (../src/amf/context.c:2683)
05/17 18:21:37.319: [gmm] INFO: UE SUPI[imsi-999700000000001] DNN[internet] S_NSSAI[SST:1 SD:0xffffff] smContextRef[NULL] smContextResourceURI[NULL] (../src/amf/gmm-handler.c:1285)
05/17 18:21:37.319: [gmm] INFO: SMF Instance [1843db2c-144c-41ef-8bee-652c81426c74] (../src/amf/gmm-handler.c:1326)
05/17 18:21:37.334: [amf] ERROR: [1:0] PDU session establishment reject (../src/amf/namf-handler.c:480)
05/17 18:21:37.334: [amf] WARNING: [suci-0-999-70-0000-0-0-0000000001] DL NAS transport (../src/amf/nas-path.c:994)
05/17 18:21:37.335: [amf] INFO: [Removed] Number of AMF-Sessions is now 0 (../src/amf/context.c:2690)
05/17 18:21:38.420: [amf] INFO: [Added] Number of AMF-Sessions is now 1 (../src/amf/context.c:2683)
05/17 18:21:38.420: [gmm] INFO: UE SUPI[imsi-999700000000001] DNN[internet] S_NSSAI[SST:1 SD:0xffffff] smContextRef[NULL] smContextResourceURI[NULL] (../src/amf/gmm-handler.c:1285)
05/17 18:21:38.420: [gmm] INFO: SMF Instance [1843db2c-144c-41ef-8bee-652c81426c74] (../src/amf/gmm-handler.c:1326)
05/17 18:21:38.435: [amf] ERROR: [1:0] PDU session establishment reject (../src/amf/namf-handler.c:480)
05/17 18:21:38.435: [amf] WARNING: [suci-0-999-70-0000-0-0-0000000001] DL NAS transport (../src/amf/nas-path.c:994)
05/17 18:21:38.435: [amf] INFO: [Removed] Number of AMF-Sessions is now 0 (../src/amf/context.c:2690)
05/17 18:21:39.521: [amf] INFO: [Added] Number of AMF-Sessions is now 1 (../src/amf/context.c:2683)
05/17 18:21:39.521: [gmm] INFO: UE SUPI[imsi-999700000000001] DNN[internet] S_NSSAI[SST:1 SD:0xffffff] smContextRef[NULL] smContextResourceURI[NULL] (../src/amf/gmm-handler.c:1285)
05/17 18:21:39.521: [gmm] INFO: SMF Instance [1843db2c-144c-41ef-8bee-652c81426c74] (../src/amf/gmm-handler.c:1326)
05/17 18:21:39.536: [amf] ERROR: [1:0] PDU session establishment reject (../src/amf/namf-handler.c:480)
05/17 18:21:39.536: [amf] WARNING: [suci-0-999-70-0000-0-0-0000000001] DL NAS transport (../src/amf/nas-path.c:994)
05/17 18:21:39.536: [amf] INFO: [Removed] Number of AMF-Sessions is now 0 (../src/amf/context.c:2690)
05/17 18:21:40.622: [amf] INFO: [Added] Number of AMF-Sessions is now 1 (../src/amf/context.c:2683)
05/17 18:21:40.622: [gmm] INFO: UE SUPI[imsi-999700000000001] DNN[internet] S_NSSAI[SST:1 SD:0xffffff] smContextRef[NULL] smContextResourceURI[NULL] (../src/amf/gmm-handler.c:1285)
05/17 18:21:40.622: [gmm] INFO: SMF Instance [1843db2c-144c-41ef-8bee-652c81426c74] (../src/amf/gmm-handler.c:1326)
05/17 18:21:40.637: [amf] ERROR: [1:0] PDU session establishment reject (../src/amf/namf-handler.c:480)
05/17 18:21:40.637: [amf] WARNING: [suci-0-999-70-0000-0-0-0000000001] DL NAS transport (../src/amf/nas-path.c:994)
05/17 18:21:40.637: [amf] INFO: [Removed] Number of AMF-Sessions is now 0 (../src/amf/context.c:2690)
05/17 18:21:40.806: [amf] INFO: [Added] Number of AMF-Sessions is now 1 (../src/amf/context.c:2683)
05/17 18:21:40.806: [gmm] INFO: UE SUPI[imsi-999700000000001] DNN[internet] S_NSSAI[SST:1 SD:0xffffff] smContextRef[NULL] smContextResourceURI[NULL] (../src/amf/gmm-handler.c:1285)
05/17 18:21:40.806: [gmm] INFO: SMF Instance [1843db2c-144c-41ef-8bee-652c81426c74] (../src/amf/gmm-handler.c:1326)
05/17 18:21:40.820: [amf] ERROR: [1:0] PDU session establishment reject (../src/amf/namf-handler.c:480)
05/17 18:21:40.820: [amf] WARNING: [suci-0-999-70-0000-0-0-0000000001] DL NAS transport (../src/amf/nas-path.c:994)
05/17 18:21:40.820: [amf] INFO: [Removed] Number of AMF-Sessions is now 0 (../src/amf/context.c:2690)
05/17 18:21:41.723: [amf] INFO: [Added] Number of AMF-Sessions is now 1 (../src/amf/context.c:2683)
05/17 18:21:41.723: [gmm] INFO: UE SUPI[imsi-999700000000001] DNN[internet] S_NSSAI[SST:1 SD:0xffffff] smContextRef[NULL] smContextResourceURI[NULL] (../src/amf/gmm-handler.c:1285)
05/17 18:21:41.723: [gmm] INFO: SMF Instance [1843db2c-144c-41ef-8bee-652c81426c74] (../src/amf/gmm-handler.c:1326)
05/17 18:21:41.738: [amf] ERROR: [1:0] PDU session establishment reject (../src/amf/namf-handler.c:480)
05/17 18:21:41.738: [amf] WARNING: [suci-0-999-70-0000-0-0-0000000001] DL NAS transport (../src/amf/nas-path.c:994)
05/17 18:21:41.738: [amf] INFO: [Removed] Number of AMF-Sessions is now 0 (../src/amf/context.c:2690)
05/17 18:21:42.824: [amf] INFO: [Added] Number of AMF-Sessions is now 1 (../src/amf/context.c:2683)
05/17 18:21:42.824: [gmm] INFO: UE SUPI[imsi-999700000000001] DNN[internet] S_NSSAI[SST:1 SD:0xffffff] smContextRef[NULL] smContextResourceURI[NULL] (../src/amf/gmm-handler.c:1285)
05/17 18:21:42.824: [gmm] INFO: SMF Instance [1843db2c-144c-41ef-8bee-652c81426c74] (../src/amf/gmm-handler.c:1326)
05/17 18:21:42.839: [amf] ERROR: [1:0] PDU session establishment reject (../src/amf/namf-handler.c:480)
05/17 18:21:42.839: [amf] WARNING: [suci-0-999-70-0000-0-0-0000000001] DL NAS transport (../src/amf/nas-path.c:994)
05/17 18:21:42.839: [amf] INFO: [Removed] Number of AMF-Sessions is now 0 (../src/amf/context.c:2690)
05/17 18:21:43.925: [amf] INFO: [Added] Number of AMF-Sessions is now 1 (../src/amf/context.c:2683)
05/17 18:21:43.925: [gmm] INFO: UE SUPI[imsi-999700000000001] DNN[internet] S_NSSAI[SST:1 SD:0xffffff] smContextRef[NULL] smContextResourceURI[NULL] (../src/amf/gmm-handler.c:1285)
05/17 18:21:43.925: [gmm] INFO: SMF Instance [1843db2c-144c-41ef-8bee-652c81426c74] (../src/amf/gmm-handler.c:1326)
05/17 18:21:43.940: [amf] ERROR: [1:0] PDU session establishment reject (../src/amf/namf-handler.c:480)
05/17 18:21:43.940: [amf] WARNING: [suci-0-999-70-0000-0-0-0000000001] DL NAS transport (../src/amf/nas-path.c:994)
05/17 18:21:43.940: [amf] INFO: [Removed] Number of AMF-Sessions is now 0 (../src/amf/context.c:2690)
05/17 18:21:45.026: [amf] INFO: [Added] Number of AMF-Sessions is now 1 (../src/amf/context.c:2683)
05/17 18:21:45.026: [gmm] INFO: UE SUPI[imsi-999700000000001] DNN[internet] S_NSSAI[SST:1 SD:0xffffff] smContextRef[NULL] smContextResourceURI[NULL] (../src/amf/gmm-handler.c:1285)
05/17 18:21:45.026: [gmm] INFO: SMF Instance [1843db2c-144c-41ef-8bee-652c81426c74] (../src/amf/gmm-handler.c:1326)
05/17 18:21:45.050: [amf] ERROR: [1:0] PDU session establishment reject (../src/amf/namf-handler.c:480)
05/17 18:21:45.050: [amf] WARNING: [suci-0-999-70-0000-0-0-0000000001] DL NAS transport (../src/amf/nas-path.c:994)
05/17 18:21:45.050: [amf] INFO: [Removed] Number of AMF-Sessions is now 0 (../src/amf/context.c:2690)
05/17 18:21:46.127: [amf] INFO: [Added] Number of AMF-Sessions is now 1 (../src/amf/context.c:2683)
05/17 18:21:46.127: [gmm] INFO: UE SUPI[imsi-999700000000001] DNN[internet] S_NSSAI[SST:1 SD:0xffffff] smContextRef[NULL] smContextResourceURI[NULL] (../src/amf/gmm-handler.c:1285)
05/17 18:21:46.127: [gmm] INFO: SMF Instance [1843db2c-144c-41ef-8bee-652c81426c74] (../src/amf/gmm-handler.c:1326)
05/17 18:21:46.142: [amf] ERROR: [1:0] PDU session establishment reject (../src/amf/namf-handler.c:480)
05/17 18:21:46.142: [amf] WARNING: [suci-0-999-70-0000-0-0-0000000001] DL NAS transport (../src/amf/nas-path.c:994)
05/17 18:21:46.142: [amf] INFO: [Removed] Number of AMF-Sessions is now 0 (../src/amf/context.c:2690)
05/17 18:21:47.228: [amf] INFO: [Added] Number of AMF-Sessions is now 1 (../src/amf/context.c:2683)
05/17 18:21:47.228: [gmm] INFO: UE SUPI[imsi-999700000000001] DNN[internet] S_NSSAI[SST:1 SD:0xffffff] smContextRef[NULL] smContextResourceURI[NULL] (../src/amf/gmm-handler.c:1285)
05/17 18:21:47.228: [gmm] INFO: SMF Instance [1843db2c-144c-41ef-8bee-652c81426c74] (../src/amf/gmm-handler.c:1326)
05/17 18:21:47.243: [amf] ERROR: [1:0] PDU session establishment reject (../src/amf/namf-handler.c:480)
05/17 18:21:47.243: [amf] WARNING: [suci-0-999-70-0000-0-0-0000000001] DL NAS transport (../src/amf/nas-path.c:994)
05/17 18:21:47.243: [amf] INFO: [Removed] Number of AMF-Sessions is now 0 (../src/amf/context.c:2690)
05/17 18:21:48.329: [amf] INFO: [Added] Number of AMF-Sessions is now 1 (../src/amf/context.c:2683)
05/17 18:21:48.329: [gmm] INFO: UE SUPI[imsi-999700000000001] DNN[internet] S_NSSAI[SST:1 SD:0xffffff] smContextRef[NULL] smContextResourceURI[NULL] (../src/amf/gmm-handler.c:1285)
05/17 18:21:48.329: [gmm] INFO: SMF Instance [1843db2c-144c-41ef-8bee-652c81426c74] (../src/amf/gmm-handler.c:1326)
05/17 18:21:48.343: [amf] ERROR: [1:0] PDU session establishment reject (../src/amf/namf-handler.c:480)
05/17 18:21:48.343: [amf] WARNING: [suci-0-999-70-0000-0-0-0000000001] DL NAS transport (../src/amf/nas-path.c:994)
05/17 18:21:48.343: [amf] INFO: [Removed] Number of AMF-Sessions is now 0 (../src/amf/context.c:2690)
05/17 18:21:49.430: [amf] INFO: [Added] Number of AMF-Sessions is now 1 (../src/amf/context.c:2683)
05/17 18:21:49.430: [gmm] INFO: UE SUPI[imsi-999700000000001] DNN[internet] S_NSSAI[SST:1 SD:0xffffff] smContextRef[NULL] smContextResourceURI[NULL] (../src/amf/gmm-handler.c:1285)
05/17 18:21:49.430: [gmm] INFO: SMF Instance [1843db2c-144c-41ef-8bee-652c81426c74] (../src/amf/gmm-handler.c:1326)
05/17 18:21:49.445: [amf] ERROR: [1:0] PDU session establishment reject (../src/amf/namf-handler.c:480)
05/17 18:21:49.445: [amf] WARNING: [suci-0-999-70-0000-0-0-0000000001] DL NAS transport (../src/amf/nas-path.c:994)
05/17 18:21:49.445: [amf] INFO: [Removed] Number of AMF-Sessions is now 0 (../src/amf/context.c:2690)
05/17 18:21:50.531: [amf] INFO: [Added] Number of AMF-Sessions is now 1 (../src/amf/context.c:2683)
05/17 18:21:50.531: [gmm] INFO: UE SUPI[imsi-999700000000001] DNN[internet] S_NSSAI[SST:1 SD:0xffffff] smContextRef[NULL] smContextResourceURI[NULL] (../src/amf/gmm-handler.c:1285)
05/17 18:21:50.531: [gmm] INFO: SMF Instance [1843db2c-144c-41ef-8bee-652c81426c74] (../src/amf/gmm-handler.c:1326)
05/17 18:21:50.545: [amf] ERROR: [1:0] PDU session establishment reject (../src/amf/namf-handler.c:480)
05/17 18:21:50.545: [amf] WARNING: [suci-0-999-70-0000-0-0-0000000001] DL NAS transport (../src/amf/nas-path.c:994)
05/17 18:21:50.545: [amf] INFO: [Removed] Number of AMF-Sessions is now 0 (../src/amf/context.c:2690)
05/17 18:21:50.807: [amf] INFO: [Added] Number of AMF-Sessions is now 1 (../src/amf/context.c:2683)
05/17 18:21:50.807: [gmm] INFO: UE SUPI[imsi-999700000000001] DNN[internet] S_NSSAI[SST:1 SD:0xffffff] smContextRef[NULL] smContextResourceURI[NULL] (../src/amf/gmm-handler.c:1285)
05/17 18:21:50.807: [gmm] INFO: SMF Instance [1843db2c-144c-41ef-8bee-652c81426c74] (../src/amf/gmm-handler.c:1326)
05/17 18:21:50.822: [amf] ERROR: [1:0] PDU session establishment reject (../src/amf/namf-handler.c:480)
05/17 18:21:50.822: [amf] WARNING: [suci-0-999-70-0000-0-0-0000000001] DL NAS transport (../src/amf/nas-path.c:994)
05/17 18:21:50.822: [amf] INFO: [Removed] Number of AMF-Sessions is now 0 (../src/amf/context.c:2690)
05/17 18:21:51.632: [amf] INFO: [Added] Number of AMF-Sessions is now 1 (../src/amf/context.c:2683)
05/17 18:21:51.632: [gmm] INFO: UE SUPI[imsi-999700000000001] DNN[internet] S_NSSAI[SST:1 SD:0xffffff] smContextRef[NULL] smContextResourceURI[NULL] (../src/amf/gmm-handler.c:1285)
05/17 18:21:51.632: [gmm] INFO: SMF Instance [1843db2c-144c-41ef-8bee-652c81426c74] (../src/amf/gmm-handler.c:1326)
05/17 18:21:51.646: [amf] ERROR: [1:0] PDU session establishment reject (../src/amf/namf-handler.c:480)
05/17 18:21:51.646: [amf] WARNING: [suci-0-999-70-0000-0-0-0000000001] DL NAS transport (../src/amf/nas-path.c:994)
05/17 18:21:51.646: [amf] INFO: [Removed] Number of AMF-Sessions is now 0 (../src/amf/context.c:2690)
05/17 18:21:52.733: [amf] INFO: [Added] Number of AMF-Sessions is now 1 (../src/amf/context.c:2683)
05/17 18:21:52.733: [gmm] INFO: UE SUPI[imsi-999700000000001] DNN[internet] S_NSSAI[SST:1 SD:0xffffff] smContextRef[NULL] smContextResourceURI[NULL] (../src/amf/gmm-handler.c:1285)
05/17 18:21:52.733: [gmm] INFO: SMF Instance [1843db2c-144c-41ef-8bee-652c81426c74] (../src/amf/gmm-handler.c:1326)
05/17 18:21:52.748: [amf] ERROR: [1:0] PDU session establishment reject (../src/amf/namf-handler.c:480)
05/17 18:21:52.748: [amf] WARNING: [suci-0-999-70-0000-0-0-0000000001] DL NAS transport (../src/amf/nas-path.c:994)
05/17 18:21:52.748: [amf] INFO: [Removed] Number of AMF-Sessions is now 0 (../src/amf/context.c:2690)
05/17 18:21:53.363: [amf] INFO: gNB-N2[10.237.27.10] connection refused!!! (../src/amf/amf-sm.c:809)
05/17 18:21:53.363: [amf] INFO: [Removed] Number of gNB-UEs is now 0 (../src/amf/context.c:2669)
05/17 18:21:53.363: [amf] INFO: [Removed] Number of gNBs is now 0 (../src/amf/context.c:1263)
05/17 18:24:29.212: [app] INFO: SIGTERM received (../src/main.c:53)
05/17 18:24:29.212: [app] INFO: Open5GS daemon terminating... (../src/main.c:226)
05/17 18:24:29.212: [sbi] INFO: [183c5186-144c-41ef-913c-63f2f132b8c8] NF de-registered (../lib/sbi/nf-sm.c:248)
05/17 18:24:29.213: [amf] INFO: [Removed] Number of AMF-UEs is now 0 (../src/amf/context.c:1718)
05/17 18:24:29.216: [sctp] INFO: AMF terminate...done (../src/amf/app.c:42)
Open5GS daemon v2.7.1

05/17 18:25:19.606: [app] INFO: Configuration: 'amf.yaml' (../lib/app/ogs-init.c:133)
05/17 18:25:19.606: [app] INFO: File Logging: 'log/open5gs/amf.log' (../lib/app/ogs-init.c:136)
05/17 18:25:19.611: [metrics] ERROR: Cannot start Prometheus HTTP server (../lib/metrics/prometheus/context.c:282)
05/17 18:25:19.611: [sbi] INFO: NF Service [namf-comm] (../lib/sbi/context.c:1841)
05/17 18:25:19.611: [sbi] INFO: nghttp2_server() [http://127.0.0.5]:7777 (../lib/sbi/nghttp2-server.c:414)
05/17 18:25:19.611: [amf] INFO: ngap_server() [10.237.27.115]:38412 (../src/amf/ngap-sctp.c:61)
05/17 18:25:19.611: [sctp] INFO: AMF initialize...done (../src/amf/app.c:33)
05/17 18:25:19.612: [sbi] INFO: [b73d52c6-144c-41ef-827c-3d9aada53e7d] NF registered [Heartbeat:10s] (../lib/sbi/nf-sm.c:221)
05/17 18:25:19.613: [sbi] INFO: [b73dcfa8-144c-41ef-a3df-7f560d7d2a7d] Subscription created until 2024-05-18T18:25:19.612618+05:30 [duration:86400,validity:86399.999426,patch:43199.999713] (../lib/sbi/nnrf-handler.c:813)
05/17 18:25:19.613: [sbi] INFO: [b73dd3c2-144c-41ef-a3df-7f560d7d2a7d] Subscription created until 2024-05-18T18:25:19.612721+05:30 [duration:86400,validity:86399.999349,patch:43199.999674] (../lib/sbi/nnrf-handler.c:813)
05/17 18:25:19.613: [sbi] INFO: [b73dd8f4-144c-41ef-a3df-7f560d7d2a7d] Subscription created until 2024-05-18T18:25:19.612854+05:30 [duration:86400,validity:86399.999458,patch:43199.999729] (../lib/sbi/nnrf-handler.c:813)
05/17 18:25:19.613: [sbi] INFO: [b73dde80-144c-41ef-a3df-7f560d7d2a7d] Subscription created until 2024-05-18T18:25:19.612996+05:30 [duration:86400,validity:86399.999343,patch:43199.999671] (../lib/sbi/nnrf-handler.c:813)
05/17 18:25:19.613: [sbi] INFO: [b73ddffc-144c-41ef-a3df-7f560d7d2a7d] Subscription created until 2024-05-18T18:25:19.613033+05:30 [duration:86400,validity:86399.999149,patch:43199.999574] (../lib/sbi/nnrf-handler.c:813)
05/17 18:25:19.613: [sbi] INFO: [b73de3a8-144c-41ef-a3df-7f560d7d2a7d] Subscription created until 2024-05-18T18:25:19.613130+05:30 [duration:86400,validity:86399.999140,patch:43199.999570] (../lib/sbi/nnrf-handler.c:813)
05/17 18:25:19.614: [sbi] INFO: [b73de57e-144c-41ef-a3df-7f560d7d2a7d] Subscription created until 2024-05-18T18:25:19.613175+05:30 [duration:86400,validity:86399.999131,patch:43199.999565] (../lib/sbi/nnrf-handler.c:813)
05/17 18:25:19.736: [sbi] INFO: (NRF-notify) NF registered [b744c16e-144c-41ef-b928-05bf6a7c910c:1] (../lib/sbi/nnrf-handler.c:1058)
05/17 18:25:19.736: [sbi] INFO: [SMF] (NRF-notify) NF Profile updated [b744c16e-144c-41ef-b928-05bf6a7c910c:1] (../lib/sbi/nnrf-handler.c:1072)
05/17 18:25:21.608: [sbi] INFO: (NRF-notify) NF registered [b73c6140-144c-41ef-9408-edaf69f45eec:1] (../lib/sbi/nnrf-handler.c:1058)
05/17 18:25:21.608: [sbi] INFO: [NSSF] (NRF-notify) NF Profile updated [b73c6140-144c-41ef-9408-edaf69f45eec:1] (../lib/sbi/nnrf-handler.c:1072)
05/17 18:25:21.610: [sbi] INFO: (NRF-notify) NF registered [b73c6302-144c-41ef-bc79-01b7a53dcf83:1] (../lib/sbi/nnrf-handler.c:1058)
05/17 18:25:21.610: [sbi] INFO: [UDM] (NRF-notify) NF Profile updated [b73c6302-144c-41ef-bc79-01b7a53dcf83:1] (../lib/sbi/nnrf-handler.c:1072)
05/17 18:25:21.611: [sbi] WARNING: [UDM] (NRF-notify) NF has already been added [b73c6302-144c-41ef-bc79-01b7a53dcf83:1] (../lib/sbi/nnrf-handler.c:1061)
05/17 18:25:21.612: [sbi] INFO: [UDM] (NRF-notify) NF Profile updated [b73c6302-144c-41ef-bc79-01b7a53dcf83:1] (../lib/sbi/nnrf-handler.c:1072)
05/17 18:25:21.612: [sbi] WARNING: NF EndPoint(addr) updated [127.0.0.12:80] (../lib/sbi/context.c:2210)
05/17 18:25:21.612: [sbi] WARNING: NF EndPoint(addr) updated [127.0.0.12:7777] (../lib/sbi/context.c:1946)
05/17 18:28:18.697: [amf] INFO: gNB-N2 accepted[10.237.27.10]:50080 in ng-path module (../src/amf/ngap-sctp.c:113)
05/17 18:28:18.697: [amf] INFO: gNB-N2 accepted[10.237.27.10] in master_sm module (../src/amf/amf-sm.c:757)
05/17 18:28:18.708: [amf] INFO: [Added] Number of gNBs is now 1 (../src/amf/context.c:1236)
05/17 18:28:18.708: [amf] INFO: gNB-N2[10.237.27.10] max_num_of_ostreams : 10 (../src/amf/amf-sm.c:796)
05/17 18:28:21.231: [amf] INFO: InitialUEMessage (../src/amf/ngap-handler.c:401)
05/17 18:28:21.231: [amf] INFO: [Added] Number of gNB-UEs is now 1 (../src/amf/context.c:2662)
05/17 18:28:21.231: [amf] INFO:     RAN_UE_NGAP_ID[1] AMF_UE_NGAP_ID[1] TAC[1] CellID[0x10] (../src/amf/ngap-handler.c:562)
05/17 18:28:21.231: [amf] INFO: [suci-0-999-70-0000-0-0-0000000001] Unknown UE by SUCI (../src/amf/context.c:1844)
05/17 18:28:21.231: [amf] INFO: [Added] Number of AMF-UEs is now 1 (../src/amf/context.c:1621)
05/17 18:28:21.231: [gmm] INFO: Registration request (../src/amf/gmm-sm.c:1214)
05/17 18:28:21.231: [gmm] INFO: [suci-0-999-70-0000-0-0-0000000001]    SUCI (../src/amf/gmm-handler.c:172)
05/17 18:28:21.240: [sbi] INFO: [AUSF] (SCP-discover) NF registered [b73ca6fa-144c-41ef-95f3-872a41316fbe:1] (../lib/sbi/path.c:211)
05/17 18:28:21.264: [sbi] INFO: [PCF] (SCP-discover) NF registered [b73ce2c8-144c-41ef-a472-1d260e5c1df3:1] (../lib/sbi/path.c:211)
05/17 18:28:21.264: [amf] WARNING: NF EndPoint(addr) updated [127.0.0.12:7777] (../src/amf/npcf-handler.c:143)
05/17 18:28:21.466: [gmm] INFO: [imsi-999700000000001] Registration complete (../src/amf/gmm-sm.c:2313)
05/17 18:28:21.466: [amf] INFO: [imsi-999700000000001] Configuration update command (../src/amf/nas-path.c:591)
05/17 18:28:21.466: [gmm] INFO:     UTC [2024-05-17T12:58:21] Timezone[0]/DST[0] (../src/amf/gmm-build.c:558)
05/17 18:28:21.466: [gmm] INFO:     LOCAL [2024-05-17T18:28:21] Timezone[19800]/DST[0] (../src/amf/gmm-build.c:563)
05/17 18:28:21.467: [amf] INFO: [Added] Number of AMF-Sessions is now 1 (../src/amf/context.c:2683)
05/17 18:28:21.467: [gmm] INFO: UE SUPI[imsi-999700000000001] DNN[internet] S_NSSAI[SST:1 SD:0xffffff] smContextRef[NULL] smContextResourceURI[NULL] (../src/amf/gmm-handler.c:1285)
05/17 18:28:21.467: [gmm] INFO: SMF Instance [b744c16e-144c-41ef-b928-05bf6a7c910c] (../src/amf/gmm-handler.c:1326)
05/17 18:28:21.491: [amf] INFO: [imsi-999700000000001:1:11][0:0:NULL] /nsmf-pdusession/v1/sm-contexts/{smContextRef}/modify (../src/amf/nsmf-handler.c:915)
05/17 18:29:30.981: [app] INFO: SIGTERM received (../src/main.c:53)
05/17 18:29:30.981: [app] INFO: Open5GS daemon terminating... (../src/main.c:226)
05/17 18:29:30.981: [sbi] INFO: [b73d52c6-144c-41ef-827c-3d9aada53e7d] NF de-registered (../lib/sbi/nf-sm.c:248)
05/17 18:29:30.982: [amf] INFO: [Removed] Number of gNBs is now 0 (../src/amf/context.c:1263)
05/17 18:29:30.982: [amf] INFO: [Removed] Number of gNB-UEs is now 0 (../src/amf/context.c:2669)
05/17 18:29:30.982: [amf] INFO: [Removed] Number of AMF-Sessions is now 0 (../src/amf/context.c:2690)
05/17 18:29:30.982: [amf] INFO: [Removed] Number of AMF-UEs is now 0 (../src/amf/context.c:1718)
05/17 18:29:30.985: [sctp] INFO: AMF terminate...done (../src/amf/app.c:42)
Open5GS daemon v2.7.1

05/17 18:30:08.108: [app] INFO: Configuration: 'amf.yaml' (../lib/app/ogs-init.c:133)
05/17 18:30:08.108: [app] INFO: File Logging: 'log/open5gs/amf.log' (../lib/app/ogs-init.c:136)
05/17 18:30:08.110: [metrics] ERROR: Cannot start Prometheus HTTP server (../lib/metrics/prometheus/context.c:282)
05/17 18:30:08.110: [sbi] INFO: NF Service [namf-comm] (../lib/sbi/context.c:1841)
05/17 18:30:08.110: [sbi] INFO: nghttp2_server() [http://127.0.0.5]:7777 (../lib/sbi/nghttp2-server.c:414)
05/17 18:30:08.111: [amf] INFO: ngap_server() [10.237.27.115]:38412 (../src/amf/ngap-sctp.c:61)
05/17 18:30:08.111: [sctp] INFO: AMF initialize...done (../src/amf/app.c:33)
05/17 18:30:08.112: [sbi] INFO: [6332ffb8-144d-41ef-83b9-83044a7d79ea] NF registered [Heartbeat:10s] (../lib/sbi/nf-sm.c:221)
05/17 18:30:08.113: [sbi] INFO: [63336d54-144d-41ef-a273-b5f37ed70598] Subscription created until 2024-05-18T18:30:08.112682+05:30 [duration:86400,validity:86399.999539,patch:43199.999769] (../lib/sbi/nnrf-handler.c:813)
05/17 18:30:08.113: [sbi] INFO: [6333720e-144d-41ef-a273-b5f37ed70598] Subscription created until 2024-05-18T18:30:08.112800+05:30 [duration:86400,validity:86399.999505,patch:43199.999752] (../lib/sbi/nnrf-handler.c:813)
05/17 18:30:08.113: [sbi] INFO: [633373b2-144d-41ef-a273-b5f37ed70598] Subscription created until 2024-05-18T18:30:08.112840+05:30 [duration:86400,validity:86399.999391,patch:43199.999695] (../lib/sbi/nnrf-handler.c:813)
05/17 18:30:08.113: [sbi] INFO: [63337876-144d-41ef-a273-b5f37ed70598] Subscription created until 2024-05-18T18:30:08.112963+05:30 [duration:86400,validity:86399.999410,patch:43199.999705] (../lib/sbi/nnrf-handler.c:813)
05/17 18:30:08.113: [sbi] INFO: [63337bb4-144d-41ef-a273-b5f37ed70598] Subscription created until 2024-05-18T18:30:08.113046+05:30 [duration:86400,validity:86399.999386,patch:43199.999693] (../lib/sbi/nnrf-handler.c:813)
05/17 18:30:08.113: [sbi] INFO: [63337d4e-144d-41ef-a273-b5f37ed70598] Subscription created until 2024-05-18T18:30:08.113086+05:30 [duration:86400,validity:86399.999403,patch:43199.999701] (../lib/sbi/nnrf-handler.c:813)
05/17 18:30:08.113: [sbi] INFO: [63337ef2-144d-41ef-a273-b5f37ed70598] Subscription created until 2024-05-18T18:30:08.113128+05:30 [duration:86400,validity:86399.999381,patch:43199.999690] (../lib/sbi/nnrf-handler.c:813)
05/17 18:30:08.114: [sbi] INFO: (NRF-notify) NF registered [63336eb2-144d-41ef-9ef0-359f8fdf28b7:1] (../lib/sbi/nnrf-handler.c:1058)
05/17 18:30:08.114: [sbi] INFO: [PCF] (NRF-notify) NF Profile updated [63336eb2-144d-41ef-9ef0-359f8fdf28b7:1] (../lib/sbi/nnrf-handler.c:1072)
05/17 18:30:08.202: [sbi] INFO: (NRF-notify) NF registered [633c89de-144d-41ef-9a89-ef22ebf791f3:1] (../lib/sbi/nnrf-handler.c:1058)
05/17 18:30:08.202: [sbi] INFO: [SMF] (NRF-notify) NF Profile updated [633c89de-144d-41ef-9a89-ef22ebf791f3:1] (../lib/sbi/nnrf-handler.c:1072)
05/17 18:30:19.121: [sbi] INFO: (NRF-notify) NF registered [6332951e-144d-41ef-af68-abf01611569d:1] (../lib/sbi/nnrf-handler.c:1058)
05/17 18:30:19.122: [sbi] INFO: [NSSF] (NRF-notify) NF Profile updated [6332951e-144d-41ef-af68-abf01611569d:1] (../lib/sbi/nnrf-handler.c:1072)
05/17 18:30:19.124: [sbi] INFO: (NRF-notify) NF registered [6332944c-144d-41ef-a486-196bc7af145d:1] (../lib/sbi/nnrf-handler.c:1058)
05/17 18:30:19.124: [sbi] INFO: [AUSF] (NRF-notify) NF Profile updated [6332944c-144d-41ef-a486-196bc7af145d:1] (../lib/sbi/nnrf-handler.c:1072)
05/17 18:30:19.125: [sbi] INFO: (NRF-notify) NF registered [633293f2-144d-41ef-87e7-676b00ec4e77:1] (../lib/sbi/nnrf-handler.c:1058)
05/17 18:30:19.126: [sbi] INFO: [UDM] (NRF-notify) NF Profile updated [633293f2-144d-41ef-87e7-676b00ec4e77:1] (../lib/sbi/nnrf-handler.c:1072)
05/17 18:30:19.127: [sbi] WARNING: [UDM] (NRF-notify) NF has already been added [633293f2-144d-41ef-87e7-676b00ec4e77:1] (../lib/sbi/nnrf-handler.c:1061)
05/17 18:30:19.127: [sbi] INFO: [UDM] (NRF-notify) NF Profile updated [633293f2-144d-41ef-87e7-676b00ec4e77:1] (../lib/sbi/nnrf-handler.c:1072)
05/17 18:30:19.127: [sbi] WARNING: NF EndPoint(addr) updated [127.0.0.12:80] (../lib/sbi/context.c:2210)
05/17 18:30:19.127: [sbi] WARNING: NF EndPoint(addr) updated [127.0.0.12:7777] (../lib/sbi/context.c:1946)
05/17 18:30:29.753: [app] INFO: SIGTERM received (../src/main.c:53)
05/17 18:30:29.753: [app] INFO: Open5GS daemon terminating... (../src/main.c:226)
05/17 18:30:29.753: [sbi] INFO: [6332ffb8-144d-41ef-83b9-83044a7d79ea] NF de-registered (../lib/sbi/nf-sm.c:248)
05/17 18:30:29.756: [sctp] INFO: AMF terminate...done (../src/amf/app.c:42)
Open5GS daemon v2.7.1

05/17 18:30:31.607: [app] INFO: Configuration: 'amf.yaml' (../lib/app/ogs-init.c:133)
05/17 18:30:31.607: [app] INFO: File Logging: 'log/open5gs/amf.log' (../lib/app/ogs-init.c:136)
05/17 18:30:31.609: [metrics] ERROR: Cannot start Prometheus HTTP server (../lib/metrics/prometheus/context.c:282)
05/17 18:30:31.609: [sbi] INFO: NF Service [namf-comm] (../lib/sbi/context.c:1841)
05/17 18:30:31.609: [sbi] INFO: nghttp2_server() [http://127.0.0.5]:7777 (../lib/sbi/nghttp2-server.c:414)
05/17 18:30:31.609: [amf] INFO: ngap_server() [10.237.27.115]:38412 (../src/amf/ngap-sctp.c:61)
05/17 18:30:31.609: [sctp] INFO: AMF initialize...done (../src/amf/app.c:33)
05/17 18:30:31.611: [sbi] INFO: [7134a288-144d-41ef-8a7d-0501bdd6b73e] NF registered [Heartbeat:10s] (../lib/sbi/nf-sm.c:221)
05/17 18:30:31.612: [sbi] INFO: [71351524-144d-41ef-8bd9-35ff2bd7980b] Subscription created until 2024-05-18T18:30:31.611633+05:30 [duration:86400,validity:86399.999262,patch:43199.999631] (../lib/sbi/nnrf-handler.c:813)
05/17 18:30:31.612: [sbi] INFO: [71351c72-144d-41ef-8bd9-35ff2bd7980b] Subscription created until 2024-05-18T18:30:31.611819+05:30 [duration:86400,validity:86399.999191,patch:43199.999595] (../lib/sbi/nnrf-handler.c:813)
05/17 18:30:31.612: [sbi] INFO: [71351e2a-144d-41ef-8bd9-35ff2bd7980b] Subscription created until 2024-05-18T18:30:31.611860+05:30 [duration:86400,validity:86399.998912,patch:43199.999456] (../lib/sbi/nnrf-handler.c:813)
05/17 18:30:31.613: [sbi] INFO: [71351fb0-144d-41ef-8bd9-35ff2bd7980b] Subscription created until 2024-05-18T18:30:31.611899+05:30 [duration:86400,validity:86399.998856,patch:43199.999428] (../lib/sbi/nnrf-handler.c:813)
05/17 18:30:31.613: [sbi] INFO: [7135215e-144d-41ef-8bd9-35ff2bd7980b] Subscription created until 2024-05-18T18:30:31.611942+05:30 [duration:86400,validity:86399.998860,patch:43199.999430] (../lib/sbi/nnrf-handler.c:813)
05/17 18:30:31.613: [sbi] INFO: [7135260e-144d-41ef-8bd9-35ff2bd7980b] Subscription created until 2024-05-18T18:30:31.612063+05:30 [duration:86400,validity:86399.998785,patch:43199.999392] (../lib/sbi/nnrf-handler.c:813)
05/17 18:30:31.613: [sbi] INFO: [713527e4-144d-41ef-8bd9-35ff2bd7980b] Subscription created until 2024-05-18T18:30:31.612109+05:30 [duration:86400,validity:86399.998744,patch:43199.999372] (../lib/sbi/nnrf-handler.c:813)
05/17 18:30:31.696: [sbi] INFO: (NRF-notify) NF registered [713b2a22-144d-41ef-8d1d-25299c2db89e:1] (../lib/sbi/nnrf-handler.c:1058)
05/17 18:30:31.696: [sbi] INFO: [SMF] (NRF-notify) NF Profile updated [713b2a22-144d-41ef-8d1d-25299c2db89e:1] (../lib/sbi/nnrf-handler.c:1072)
05/17 18:30:42.618: [sbi] INFO: (NRF-notify) NF registered [71342d94-144d-41ef-9342-df78b66ffcd3:1] (../lib/sbi/nnrf-handler.c:1058)
05/17 18:30:42.618: [sbi] INFO: [UDM] (NRF-notify) NF Profile updated [71342d94-144d-41ef-9342-df78b66ffcd3:1] (../lib/sbi/nnrf-handler.c:1072)
05/17 18:30:42.619: [sbi] WARNING: [UDM] (NRF-notify) NF has already been added [71342d94-144d-41ef-9342-df78b66ffcd3:1] (../lib/sbi/nnrf-handler.c:1061)
05/17 18:30:42.619: [sbi] INFO: [UDM] (NRF-notify) NF Profile updated [71342d94-144d-41ef-9342-df78b66ffcd3:1] (../lib/sbi/nnrf-handler.c:1072)
05/17 18:30:42.619: [sbi] WARNING: NF EndPoint(addr) updated [127.0.0.12:80] (../lib/sbi/context.c:2210)
05/17 18:30:42.619: [sbi] WARNING: NF EndPoint(addr) updated [127.0.0.12:7777] (../lib/sbi/context.c:1946)
05/17 18:30:42.621: [sbi] INFO: (NRF-notify) NF registered [71342dd0-144d-41ef-b04d-0997741783ae:1] (../lib/sbi/nnrf-handler.c:1058)
05/17 18:30:42.621: [sbi] INFO: [NSSF] (NRF-notify) NF Profile updated [71342dd0-144d-41ef-b04d-0997741783ae:1] (../lib/sbi/nnrf-handler.c:1072)
05/17 18:30:58.602: [amf] INFO: gNB-N2 accepted[10.237.27.10]:34515 in ng-path module (../src/amf/ngap-sctp.c:113)
05/17 18:30:58.602: [amf] INFO: gNB-N2 accepted[10.237.27.10] in master_sm module (../src/amf/amf-sm.c:757)
05/17 18:30:58.609: [amf] INFO: [Added] Number of gNBs is now 1 (../src/amf/context.c:1236)
05/17 18:30:58.609: [amf] INFO: gNB-N2[10.237.27.10] max_num_of_ostreams : 10 (../src/amf/amf-sm.c:796)
05/17 18:31:10.493: [amf] INFO: InitialUEMessage (../src/amf/ngap-handler.c:401)
05/17 18:31:10.493: [amf] INFO: [Added] Number of gNB-UEs is now 1 (../src/amf/context.c:2662)
05/17 18:31:10.493: [amf] INFO:     RAN_UE_NGAP_ID[1] AMF_UE_NGAP_ID[1] TAC[1] CellID[0x10] (../src/amf/ngap-handler.c:562)
05/17 18:31:10.493: [amf] INFO: [suci-0-999-70-0000-0-0-0000000001] Unknown UE by SUCI (../src/amf/context.c:1844)
05/17 18:31:10.493: [amf] INFO: [Added] Number of AMF-UEs is now 1 (../src/amf/context.c:1621)
05/17 18:31:10.493: [gmm] INFO: Registration request (../src/amf/gmm-sm.c:1214)
05/17 18:31:10.493: [gmm] INFO: [suci-0-999-70-0000-0-0-0000000001]    SUCI (../src/amf/gmm-handler.c:172)
05/17 18:31:10.501: [sbi] INFO: [AUSF] (SCP-discover) NF registered [713476fa-144d-41ef-b22a-774be0ed00d0:1] (../lib/sbi/path.c:211)
05/17 18:31:10.527: [sbi] INFO: [PCF] (SCP-discover) NF registered [7134c664-144d-41ef-98ee-fb4f33d2be0c:1] (../lib/sbi/path.c:211)
05/17 18:31:10.527: [amf] WARNING: NF EndPoint(addr) updated [127.0.0.12:7777] (../src/amf/npcf-handler.c:143)
05/17 18:31:10.731: [gmm] INFO: [imsi-999700000000001] Registration complete (../src/amf/gmm-sm.c:2313)
05/17 18:31:10.731: [amf] INFO: [imsi-999700000000001] Configuration update command (../src/amf/nas-path.c:591)
05/17 18:31:10.731: [gmm] INFO:     UTC [2024-05-17T13:01:10] Timezone[0]/DST[0] (../src/amf/gmm-build.c:558)
05/17 18:31:10.731: [gmm] INFO:     LOCAL [2024-05-17T18:31:10] Timezone[19800]/DST[0] (../src/amf/gmm-build.c:563)
05/17 18:31:10.731: [amf] INFO: [Added] Number of AMF-Sessions is now 1 (../src/amf/context.c:2683)
05/17 18:31:10.731: [gmm] INFO: UE SUPI[imsi-999700000000001] DNN[internet] S_NSSAI[SST:1 SD:0xffffff] smContextRef[NULL] smContextResourceURI[NULL] (../src/amf/gmm-handler.c:1285)
05/17 18:31:10.731: [gmm] INFO: SMF Instance [713b2a22-144d-41ef-8d1d-25299c2db89e] (../src/amf/gmm-handler.c:1326)
05/17 18:31:10.753: [amf] INFO: [imsi-999700000000001:1:11][0:0:NULL] /nsmf-pdusession/v1/sm-contexts/{smContextRef}/modify (../src/amf/nsmf-handler.c:915)
