Open5GS daemon v2.7.1

05/17 18:20:52.842: [app] INFO: Configuration: 'ausf.yaml' (../lib/app/ogs-init.c:133)
05/17 18:20:52.842: [app] INFO: File Logging: 'log/open5gs/ausf.log' (../lib/app/ogs-init.c:136)
05/17 18:20:52.844: [sbi] INFO: NF Service [nausf-auth] (../lib/sbi/context.c:1841)
05/17 18:20:52.844: [sbi] INFO: nghttp2_server() [http://127.0.0.11]:7777 (../lib/sbi/nghttp2-server.c:414)
05/17 18:20:52.844: [app] INFO: AUSF initialize...done (../src/ausf/app.c:31)
05/17 18:20:52.845: [sbi] INFO: [183c2ef4-144c-41ef-8ff3-e992414ac5d3] NF registered [Heartbeat:10s] (../lib/sbi/nf-sm.c:221)
05/17 18:20:52.845: [sbi] INFO: [183c64fa-144c-41ef-94f4-59214f0394da] Subscription created until 2024-05-18T18:20:52.845601+05:30 [duration:86400,validity:86399.999628,patch:43199.999814] (../lib/sbi/nnrf-handler.c:813)
05/17 18:20:52.846: [sbi] INFO: [183c6a54-144c-41ef-94f4-59214f0394da] Subscription created until 2024-05-18T18:20:52.845735+05:30 [duration:86400,validity:86399.999695,patch:43199.999847] (../lib/sbi/nnrf-handler.c:813)
05/17 18:21:03.860: [sbi] INFO: (NRF-notify) NF registered [183bf740-144c-41ef-9435-fd88e2ca8c1e:1] (../lib/sbi/nnrf-handler.c:1058)
05/17 18:21:03.860: [sbi] INFO: [UDM] (NRF-notify) NF Profile updated [183bf740-144c-41ef-9435-fd88e2ca8c1e:1] (../lib/sbi/nnrf-handler.c:1072)
05/17 18:24:29.212: [app] INFO: SIGTERM received (../src/main.c:53)
05/17 18:24:29.212: [app] INFO: Open5GS daemon terminating... (../src/main.c:226)
05/17 18:24:29.212: [sbi] INFO: [183c2ef4-144c-41ef-8ff3-e992414ac5d3] NF de-registered (../lib/sbi/nf-sm.c:248)
05/17 18:24:29.214: [app] INFO: AUSF terminate...done (../src/ausf/app.c:39)
Open5GS daemon v2.7.1

05/17 18:25:19.603: [app] INFO: Configuration: 'ausf.yaml' (../lib/app/ogs-init.c:133)
05/17 18:25:19.603: [app] INFO: File Logging: 'log/open5gs/ausf.log' (../lib/app/ogs-init.c:136)
05/17 18:25:19.605: [sbi] INFO: NF Service [nausf-auth] (../lib/sbi/context.c:1841)
05/17 18:25:19.605: [sbi] INFO: nghttp2_server() [http://127.0.0.11]:7777 (../lib/sbi/nghttp2-server.c:414)
05/17 18:25:19.605: [app] INFO: AUSF initialize...done (../src/ausf/app.c:31)
05/17 18:25:19.606: [sbi] INFO: [b73ca6fa-144c-41ef-95f3-872a41316fbe] NF registered [Heartbeat:10s] (../lib/sbi/nf-sm.c:221)
05/17 18:25:19.607: [sbi] INFO: [b73ce11a-144c-41ef-a3df-7f560d7d2a7d] Subscription created until 2024-05-18T18:25:19.606514+05:30 [duration:86400,validity:86399.999185,patch:43199.999592] (../lib/sbi/nnrf-handler.c:813)
05/17 18:25:19.607: [sbi] INFO: [b73ce570-144c-41ef-a3df-7f560d7d2a7d] Subscription created until 2024-05-18T18:25:19.606621+05:30 [duration:86400,validity:86399.999079,patch:43199.999539] (../lib/sbi/nnrf-handler.c:813)
05/17 18:25:21.611: [sbi] INFO: (NRF-notify) NF registered [b73c6302-144c-41ef-bc79-01b7a53dcf83:1] (../lib/sbi/nnrf-handler.c:1058)
05/17 18:25:21.611: [sbi] INFO: [UDM] (NRF-notify) NF Profile updated [b73c6302-144c-41ef-bc79-01b7a53dcf83:1] (../lib/sbi/nnrf-handler.c:1072)
05/17 18:29:30.981: [app] INFO: SIGTERM received (../src/main.c:53)
05/17 18:29:30.981: [app] INFO: Open5GS daemon terminating... (../src/main.c:226)
05/17 18:29:30.981: [sbi] INFO: [b73ca6fa-144c-41ef-95f3-872a41316fbe] NF de-registered (../lib/sbi/nf-sm.c:248)
05/17 18:29:30.982: [app] INFO: AUSF terminate...done (../src/ausf/app.c:39)
Open5GS daemon v2.7.1

05/17 18:30:08.106: [app] INFO: Configuration: 'ausf.yaml' (../lib/app/ogs-init.c:133)
05/17 18:30:08.106: [app] INFO: File Logging: 'log/open5gs/ausf.log' (../lib/app/ogs-init.c:136)
05/17 18:30:08.107: [sbi] INFO: NF Service [nausf-auth] (../lib/sbi/context.c:1841)
05/17 18:30:08.107: [sbi] INFO: nghttp2_server() [http://127.0.0.11]:7777 (../lib/sbi/nghttp2-server.c:414)
05/17 18:30:08.107: [app] INFO: AUSF initialize...done (../src/ausf/app.c:31)
05/17 18:30:08.107: [sbi] WARNING: [7] Failed to connect to 127.0.0.200 port 7777: Connection refused (../lib/sbi/client.c:698)
05/17 18:30:08.107: [sbi] WARNING: ogs_sbi_client_handler() failed [-1] (../lib/sbi/path.c:62)
05/17 18:30:19.118: [sbi] WARNING: [6332944c-144d-41ef-a486-196bc7af145d] Retry registration with NRF (../lib/sbi/nf-sm.c:182)
05/17 18:30:19.127: [sbi] INFO: [6332944c-144d-41ef-a486-196bc7af145d] NF registered [Heartbeat:10s] (../lib/sbi/nf-sm.c:221)
05/17 18:30:19.129: [sbi] INFO: [69c45c0a-144d-41ef-a273-b5f37ed70598] Subscription created until 2024-05-18T18:30:19.128848+05:30 [duration:86400,validity:86399.999041,patch:43199.999520] (../lib/sbi/nnrf-handler.c:813)
05/17 18:30:19.130: [sbi] INFO: [69c4663c-144d-41ef-a273-b5f37ed70598] Subscription created until 2024-05-18T18:30:19.129106+05:30 [duration:86400,validity:86399.998993,patch:43199.999496] (../lib/sbi/nnrf-handler.c:813)
05/17 18:30:29.753: [app] INFO: SIGTERM received (../src/main.c:53)
05/17 18:30:29.753: [app] INFO: Open5GS daemon terminating... (../src/main.c:226)
05/17 18:30:29.753: [sbi] INFO: [6332944c-144d-41ef-a486-196bc7af145d] NF de-registered (../lib/sbi/nf-sm.c:248)
05/17 18:30:29.756: [app] INFO: AUSF terminate...done (../src/ausf/app.c:39)
Open5GS daemon v2.7.1

05/17 18:30:31.606: [app] INFO: Configuration: 'ausf.yaml' (../lib/app/ogs-init.c:133)
05/17 18:30:31.606: [app] INFO: File Logging: 'log/open5gs/ausf.log' (../lib/app/ogs-init.c:136)
05/17 18:30:31.607: [sbi] INFO: NF Service [nausf-auth] (../lib/sbi/context.c:1841)
05/17 18:30:31.607: [sbi] INFO: nghttp2_server() [http://127.0.0.11]:7777 (../lib/sbi/nghttp2-server.c:414)
05/17 18:30:31.607: [app] INFO: AUSF initialize...done (../src/ausf/app.c:31)
05/17 18:30:31.610: [sbi] INFO: [713476fa-144d-41ef-b22a-774be0ed00d0] NF registered [Heartbeat:10s] (../lib/sbi/nf-sm.c:221)
05/17 18:30:31.611: [sbi] INFO: [7134eb9e-144d-41ef-8bd9-35ff2bd7980b] Subscription created until 2024-05-18T18:30:31.610569+05:30 [duration:86400,validity:86399.999485,patch:43199.999742] (../lib/sbi/nnrf-handler.c:813)
05/17 18:30:31.611: [sbi] INFO: [7134ef5e-144d-41ef-8bd9-35ff2bd7980b] Subscription created until 2024-05-18T18:30:31.610664+05:30 [duration:86400,validity:86399.999492,patch:43199.999746] (../lib/sbi/nnrf-handler.c:813)
05/17 18:30:42.618: [sbi] INFO: (NRF-notify) NF registered [71342d94-144d-41ef-9342-df78b66ffcd3:1] (../lib/sbi/nnrf-handler.c:1058)
05/17 18:30:42.618: [sbi] INFO: [UDM] (NRF-notify) NF Profile updated [71342d94-144d-41ef-9342-df78b66ffcd3:1] (../lib/sbi/nnrf-handler.c:1072)
