Open5GS daemon v2.7.1

05/17 18:20:52.841: [app] INFO: Configuration: 'bsf.yaml' (../lib/app/ogs-init.c:133)
05/17 18:20:52.841: [app] INFO: File Logging: 'log/open5gs/bsf.log' (../lib/app/ogs-init.c:136)
05/17 18:20:52.842: [sbi] INFO: NF Service [nbsf-management] (../lib/sbi/context.c:1841)
05/17 18:20:52.842: [sbi] INFO: nghttp2_server() [http://127.0.0.15]:7777 (../lib/sbi/nghttp2-server.c:414)
05/17 18:20:52.842: [app] INFO: BSF initialize...done (../src/bsf/app.c:31)
05/17 18:20:52.843: [sbi] WARNING: [7] Failed to connect to 127.0.0.200 port 7777: Connection refused (../lib/sbi/client.c:698)
05/17 18:20:52.843: [sbi] WARNING: ogs_sbi_client_handler() failed [-1] (../lib/sbi/path.c:62)
05/17 18:21:03.854: [sbi] WARNING: [183bf2f4-144c-41ef-b4e5-67ad54ad2ecc] Retry registration with NRF (../lib/sbi/nf-sm.c:182)
05/17 18:21:03.859: [sbi] INFO: [183bf2f4-144c-41ef-b4e5-67ad54ad2ecc] NF registered [Heartbeat:10s] (../lib/sbi/nf-sm.c:221)
05/17 18:21:03.864: [sbi] INFO: [1ecd3dee-144c-41ef-94f4-59214f0394da] Subscription created until 2024-05-18T18:21:03.861218+05:30 [duration:86400,validity:86399.997021,patch:43199.998510] (../lib/sbi/nnrf-handler.c:813)
05/17 18:24:29.212: [app] INFO: SIGTERM received (../src/main.c:53)
05/17 18:24:29.212: [app] INFO: Open5GS daemon terminating... (../src/main.c:226)
05/17 18:24:29.212: [sbi] INFO: [183bf2f4-144c-41ef-b4e5-67ad54ad2ecc] NF de-registered (../lib/sbi/nf-sm.c:248)
05/17 18:24:29.214: [app] INFO: BSF terminate...done (../src/bsf/app.c:39)
Open5GS daemon v2.7.1

05/17 18:25:19.602: [app] INFO: Configuration: 'bsf.yaml' (../lib/app/ogs-init.c:133)
05/17 18:25:19.602: [app] INFO: File Logging: 'log/open5gs/bsf.log' (../lib/app/ogs-init.c:136)
05/17 18:25:19.603: [sbi] INFO: NF Service [nbsf-management] (../lib/sbi/context.c:1841)
05/17 18:25:19.603: [sbi] INFO: nghttp2_server() [http://127.0.0.15]:7777 (../lib/sbi/nghttp2-server.c:414)
05/17 18:25:19.603: [app] INFO: BSF initialize...done (../src/bsf/app.c:31)
05/17 18:25:19.604: [sbi] ERROR: [b73c61c2-144c-41ef-8f43-2193462e740a] HTTP Response Status Code [500] (../lib/sbi/nf-sm.c:158)
05/17 18:25:21.606: [sbi] WARNING: [b73c61c2-144c-41ef-8f43-2193462e740a] Retry registration with NRF (../lib/sbi/nf-sm.c:405)
05/17 18:25:21.612: [sbi] INFO: [b73c61c2-144c-41ef-8f43-2193462e740a] NF registered [Heartbeat:10s] (../lib/sbi/nf-sm.c:221)
05/17 18:25:21.614: [sbi] INFO: [b86f1f44-144c-41ef-a3df-7f560d7d2a7d] Subscription created until 2024-05-18T18:25:21.613518+05:30 [duration:86400,validity:86399.998931,patch:43199.999465] (../lib/sbi/nnrf-handler.c:813)
05/17 18:29:30.981: [app] INFO: SIGTERM received (../src/main.c:53)
05/17 18:29:30.981: [app] INFO: Open5GS daemon terminating... (../src/main.c:226)
05/17 18:29:30.981: [sbi] INFO: [b73c61c2-144c-41ef-8f43-2193462e740a] NF de-registered (../lib/sbi/nf-sm.c:248)
05/17 18:29:30.983: [app] INFO: BSF terminate...done (../src/bsf/app.c:39)
Open5GS daemon v2.7.1

05/17 18:30:08.106: [app] INFO: Configuration: 'bsf.yaml' (../lib/app/ogs-init.c:133)
05/17 18:30:08.106: [app] INFO: File Logging: 'log/open5gs/bsf.log' (../lib/app/ogs-init.c:136)
05/17 18:30:08.107: [sbi] INFO: NF Service [nbsf-management] (../lib/sbi/context.c:1841)
05/17 18:30:08.107: [sbi] INFO: nghttp2_server() [http://127.0.0.15]:7777 (../lib/sbi/nghttp2-server.c:414)
05/17 18:30:08.107: [app] INFO: BSF initialize...done (../src/bsf/app.c:31)
05/17 18:30:08.107: [sbi] WARNING: [7] Failed to connect to 127.0.0.200 port 7777: Connection refused (../lib/sbi/client.c:698)
05/17 18:30:08.107: [sbi] WARNING: ogs_sbi_client_handler() failed [-1] (../lib/sbi/path.c:62)
05/17 18:30:19.118: [sbi] WARNING: [633296ae-144d-41ef-82b8-cd6c6ad01de0] Retry registration with NRF (../lib/sbi/nf-sm.c:182)
05/17 18:30:19.127: [sbi] INFO: [633296ae-144d-41ef-82b8-cd6c6ad01de0] NF registered [Heartbeat:10s] (../lib/sbi/nf-sm.c:221)
05/17 18:30:19.129: [sbi] INFO: [69c44bca-144d-41ef-a273-b5f37ed70598] Subscription created until 2024-05-18T18:30:19.128439+05:30 [duration:86400,validity:86399.999039,patch:43199.999519] (../lib/sbi/nnrf-handler.c:813)
05/17 18:30:29.753: [app] INFO: SIGTERM received (../src/main.c:53)
05/17 18:30:29.753: [app] INFO: Open5GS daemon terminating... (../src/main.c:226)
05/17 18:30:29.753: [sbi] INFO: [633296ae-144d-41ef-82b8-cd6c6ad01de0] NF de-registered (../lib/sbi/nf-sm.c:248)
05/17 18:30:29.756: [app] INFO: BSF terminate...done (../src/bsf/app.c:39)
Open5GS daemon v2.7.1

05/17 18:30:31.604: [app] INFO: Configuration: 'bsf.yaml' (../lib/app/ogs-init.c:133)
05/17 18:30:31.604: [app] INFO: File Logging: 'log/open5gs/bsf.log' (../lib/app/ogs-init.c:136)
05/17 18:30:31.605: [sbi] INFO: NF Service [nbsf-management] (../lib/sbi/context.c:1841)
05/17 18:30:31.605: [sbi] INFO: nghttp2_server() [http://127.0.0.15]:7777 (../lib/sbi/nghttp2-server.c:414)
05/17 18:30:31.606: [app] INFO: BSF initialize...done (../src/bsf/app.c:31)
05/17 18:30:31.606: [sbi] WARNING: [7] Failed to connect to 127.0.0.200 port 7777: Connection refused (../lib/sbi/client.c:698)
05/17 18:30:31.606: [sbi] WARNING: ogs_sbi_client_handler() failed [-1] (../lib/sbi/path.c:62)
05/17 18:30:42.609: [sbi] WARNING: [71343064-144d-41ef-835e-e5ede41867a1] Retry registration with NRF (../lib/sbi/nf-sm.c:182)
05/17 18:30:42.613: [sbi] INFO: [71343064-144d-41ef-835e-e5ede41867a1] NF registered [Heartbeat:10s] (../lib/sbi/nf-sm.c:221)
05/17 18:30:42.615: [sbi] INFO: [77c3ed0c-144d-41ef-8bd9-35ff2bd7980b] Subscription created until 2024-05-18T18:30:42.614117+05:30 [duration:86400,validity:86399.998878,patch:43199.999439] (../lib/sbi/nnrf-handler.c:813)
