Open5GS daemon v2.7.1

05/17 18:20:52.842: [app] INFO: Configuration: 'nrf.yaml' (../lib/app/ogs-init.c:133)
05/17 18:20:52.842: [app] INFO: File Logging: 'log/open5gs/nrf.log' (../lib/app/ogs-init.c:136)
05/17 18:20:52.844: [sbi] INFO: nghttp2_server() [http://127.0.0.10]:7777 (../lib/sbi/nghttp2-server.c:414)
05/17 18:20:52.844: [app] INFO: NRF initialize...done (../src/nrf/app.c:31)
05/17 18:20:52.845: [nrf] INFO: [183c2ef4-144c-41ef-8ff3-e992414ac5d3] NF registered [Heartbeat:10s] (../src/nrf/nf-sm.c:192)
05/17 18:20:52.845: [nrf] INFO: [183c64fa-144c-41ef-94f4-59214f0394da] Subscription created until 2024-05-18T18:20:52.845601+05:30 [validity_duration:86400] (../src/nrf/nnrf-handler.c:446)
05/17 18:20:52.845: [nrf] INFO: [183c6a54-144c-41ef-94f4-59214f0394da] Subscription created until 2024-05-18T18:20:52.845735+05:30 [validity_duration:86400] (../src/nrf/nnrf-handler.c:446)
05/17 18:20:52.846: [nrf] INFO: [183c5186-144c-41ef-913c-63f2f132b8c8] NF registered [Heartbeat:10s] (../src/nrf/nf-sm.c:192)
05/17 18:20:52.847: [nrf] INFO: [183c6946-144c-41ef-94e8-6b910cbe25aa] NF registered [Heartbeat:10s] (../src/nrf/nf-sm.c:192)
05/17 18:20:52.847: [nrf] INFO: [183ca8fc-144c-41ef-94f4-59214f0394da] Subscription created until 2024-05-18T18:20:52.847340+05:30 [validity_duration:86400] (../src/nrf/nnrf-handler.c:446)
05/17 18:20:52.847: [nrf] INFO: [183cae24-144c-41ef-94f4-59214f0394da] Subscription created until 2024-05-18T18:20:52.847471+05:30 [validity_duration:86400] (../src/nrf/nnrf-handler.c:446)
05/17 18:20:52.847: [nrf] INFO: [183cb018-144c-41ef-94f4-59214f0394da] Subscription created until 2024-05-18T18:20:52.847520+05:30 [validity_duration:86400] (../src/nrf/nnrf-handler.c:446)
05/17 18:20:52.847: [nrf] INFO: [183cb586-144c-41ef-94f4-59214f0394da] Subscription created until 2024-05-18T18:20:52.847659+05:30 [validity_duration:86400] (../src/nrf/nnrf-handler.c:446)
05/17 18:20:52.847: [nrf] INFO: [183cba72-144c-41ef-94f4-59214f0394da] Subscription created until 2024-05-18T18:20:52.847785+05:30 [validity_duration:86400] (../src/nrf/nnrf-handler.c:446)
05/17 18:20:52.847: [nrf] INFO: [183cbc66-144c-41ef-94f4-59214f0394da] Subscription created until 2024-05-18T18:20:52.847835+05:30 [validity_duration:86400] (../src/nrf/nnrf-handler.c:446)
05/17 18:20:52.847: [nrf] INFO: [183cbe8c-144c-41ef-94f4-59214f0394da] Subscription created until 2024-05-18T18:20:52.847890+05:30 [validity_duration:86400] (../src/nrf/nnrf-handler.c:446)
05/17 18:20:52.848: [nrf] INFO: [183cd44e-144c-41ef-94f4-59214f0394da] Subscription created until 2024-05-18T18:20:52.848448+05:30 [validity_duration:86400] (../src/nrf/nnrf-handler.c:446)
05/17 18:20:52.848: [nrf] INFO: [183cd868-144c-41ef-94f4-59214f0394da] Subscription created until 2024-05-18T18:20:52.848552+05:30 [validity_duration:86400] (../src/nrf/nnrf-handler.c:446)
05/17 18:20:52.848: [nrf] INFO: [183cda20-144c-41ef-94f4-59214f0394da] Subscription created until 2024-05-18T18:20:52.848596+05:30 [validity_duration:86400] (../src/nrf/nnrf-handler.c:446)
05/17 18:20:52.848: [nrf] INFO: [183cad7a-144c-41ef-844a-336638f93a9e] NF registered [Heartbeat:10s] (../src/nrf/nf-sm.c:192)
05/17 18:20:52.849: [nrf] INFO: [183d025c-144c-41ef-94f4-59214f0394da] Subscription created until 2024-05-18T18:20:52.849629+05:30 [validity_duration:86400] (../src/nrf/nnrf-handler.c:446)
05/17 18:20:52.970: [nrf] INFO: [1843db2c-144c-41ef-8bee-652c81426c74] NF registered [Heartbeat:10s] (../src/nrf/nf-sm.c:192)
05/17 18:20:52.971: [nrf] INFO: [184f8e04-144c-41ef-94f4-59214f0394da] Subscription created until 2024-05-18T18:20:52.971170+05:30 [validity_duration:86400] (../src/nrf/nnrf-handler.c:446)
05/17 18:20:52.971: [nrf] INFO: [184f943a-144c-41ef-94f4-59214f0394da] Subscription created until 2024-05-18T18:20:52.971326+05:30 [validity_duration:86400] (../src/nrf/nnrf-handler.c:446)
05/17 18:20:52.971: [nrf] INFO: [184f9908-144c-41ef-94f4-59214f0394da] Subscription created until 2024-05-18T18:20:52.971450+05:30 [validity_duration:86400] (../src/nrf/nnrf-handler.c:446)
05/17 18:20:52.971: [nrf] INFO: [184f9b9c-144c-41ef-94f4-59214f0394da] Subscription created until 2024-05-18T18:20:52.971516+05:30 [validity_duration:86400] (../src/nrf/nnrf-handler.c:446)
05/17 18:20:52.971: [nrf] INFO: [184fa20e-144c-41ef-94f4-59214f0394da] Subscription created until 2024-05-18T18:20:52.971679+05:30 [validity_duration:86400] (../src/nrf/nnrf-handler.c:446)
05/17 18:21:03.846: [nrf] INFO: [183c1e14-144c-41ef-a94f-8d518b13dda9] NF registered [Heartbeat:10s] (../src/nrf/nf-sm.c:192)
05/17 18:21:03.847: [nrf] INFO: [1ecb2e8c-144c-41ef-94f4-59214f0394da] Subscription created until 2024-05-18T18:21:03.847720+05:30 [validity_duration:86400] (../src/nrf/nnrf-handler.c:446)
05/17 18:21:03.848: [nrf] INFO: [1ecb3ef4-144c-41ef-94f4-59214f0394da] Subscription created until 2024-05-18T18:21:03.848130+05:30 [validity_duration:86400] (../src/nrf/nnrf-handler.c:446)
05/17 18:21:03.848: [nrf] INFO: [1ecb4566-144c-41ef-94f4-59214f0394da] Subscription created until 2024-05-18T18:21:03.848291+05:30 [validity_duration:86400] (../src/nrf/nnrf-handler.c:446)
05/17 18:21:03.848: [nrf] INFO: [1ecb4bba-144c-41ef-94f4-59214f0394da] Subscription created until 2024-05-18T18:21:03.848451+05:30 [validity_duration:86400] (../src/nrf/nnrf-handler.c:446)
05/17 18:21:03.848: [nrf] INFO: [1ecb5132-144c-41ef-94f4-59214f0394da] Subscription created until 2024-05-18T18:21:03.848590+05:30 [validity_duration:86400] (../src/nrf/nnrf-handler.c:446)
05/17 18:21:03.849: [nrf] INFO: [1ecb6492-144c-41ef-94f4-59214f0394da] Subscription created until 2024-05-18T18:21:03.849091+05:30 [validity_duration:86400] (../src/nrf/nnrf-handler.c:446)
05/17 18:21:03.849: [nrf] INFO: [1ecb6a64-144c-41ef-94f4-59214f0394da] Subscription created until 2024-05-18T18:21:03.849237+05:30 [validity_duration:86400] (../src/nrf/nnrf-handler.c:446)
05/17 18:21:03.849: [nrf] INFO: [1ecb6ee2-144c-41ef-94f4-59214f0394da] Subscription created until 2024-05-18T18:21:03.849350+05:30 [validity_duration:86400] (../src/nrf/nnrf-handler.c:446)
05/17 18:21:03.849: [nrf] INFO: [1ecb74d2-144c-41ef-94f4-59214f0394da] Subscription created until 2024-05-18T18:21:03.849504+05:30 [validity_duration:86400] (../src/nrf/nnrf-handler.c:446)
05/17 18:21:03.855: [nrf] INFO: [183bf2f4-144c-41ef-b4e5-67ad54ad2ecc] NF registered [Heartbeat:10s] (../src/nrf/nf-sm.c:192)
05/17 18:21:03.857: [nrf] INFO: [183bf920-144c-41ef-9571-0b1f42f053d9] NF registered [Heartbeat:10s] (../src/nrf/nf-sm.c:192)
05/17 18:21:03.858: [nrf] INFO: [183bf740-144c-41ef-9435-fd88e2ca8c1e] NF registered [Heartbeat:10s] (../src/nrf/nf-sm.c:192)
05/17 18:21:03.861: [nrf] INFO: [1ecd3dee-144c-41ef-94f4-59214f0394da] Subscription created until 2024-05-18T18:21:03.861218+05:30 [validity_duration:86400] (../src/nrf/nnrf-handler.c:446)
05/17 18:21:03.864: [nrf] INFO: [1ecdc502-144c-41ef-94f4-59214f0394da] Subscription created until 2024-05-18T18:21:03.864677+05:30 [validity_duration:86400] (../src/nrf/nnrf-handler.c:446)
05/17 18:21:03.865: [nrf] INFO: [1ecdda7e-144c-41ef-94f4-59214f0394da] Subscription created until 2024-05-18T18:21:03.865220+05:30 [validity_duration:86400] (../src/nrf/nnrf-handler.c:446)
05/17 18:21:03.865: [nrf] INFO: [1ecddf9c-144c-41ef-94f4-59214f0394da] Subscription created until 2024-05-18T18:21:03.865353+05:30 [validity_duration:86400] (../src/nrf/nnrf-handler.c:446)
05/17 18:24:29.212: [app] INFO: SIGTERM received (../src/main.c:53)
05/17 18:24:29.212: [app] INFO: Open5GS daemon terminating... (../src/main.c:226)
05/17 18:24:29.213: [nrf] INFO: [183c2ef4-144c-41ef-8ff3-e992414ac5d3] NF de-registered (../src/nrf/nf-sm.c:208)
05/17 18:24:29.213: [nrf] INFO: [183c5186-144c-41ef-913c-63f2f132b8c8] NF de-registered (../src/nrf/nf-sm.c:208)
05/17 18:24:29.213: [nrf] INFO: [183c6946-144c-41ef-94e8-6b910cbe25aa] NF de-registered (../src/nrf/nf-sm.c:208)
05/17 18:24:29.214: [nrf] INFO: [183cad7a-144c-41ef-844a-336638f93a9e] NF de-registered (../src/nrf/nf-sm.c:208)
05/17 18:24:29.214: [nrf] INFO: [1843db2c-144c-41ef-8bee-652c81426c74] NF de-registered (../src/nrf/nf-sm.c:208)
05/17 18:24:29.214: [nrf] INFO: [183c1e14-144c-41ef-a94f-8d518b13dda9] NF de-registered (../src/nrf/nf-sm.c:208)
05/17 18:24:29.214: [nrf] INFO: [183bf2f4-144c-41ef-b4e5-67ad54ad2ecc] NF de-registered (../src/nrf/nf-sm.c:208)
05/17 18:24:29.214: [nrf] INFO: [183bf920-144c-41ef-9571-0b1f42f053d9] NF de-registered (../src/nrf/nf-sm.c:208)
05/17 18:24:29.214: [nrf] INFO: [183bf740-144c-41ef-9435-fd88e2ca8c1e] NF de-registered (../src/nrf/nf-sm.c:208)
05/17 18:24:29.217: [app] INFO: NRF terminate...done (../src/nrf/app.c:39)
Open5GS daemon v2.7.1

05/17 18:25:19.603: [app] INFO: Configuration: 'nrf.yaml' (../lib/app/ogs-init.c:133)
05/17 18:25:19.603: [app] INFO: File Logging: 'log/open5gs/nrf.log' (../lib/app/ogs-init.c:136)
05/17 18:25:19.604: [sbi] INFO: nghttp2_server() [http://127.0.0.10]:7777 (../lib/sbi/nghttp2-server.c:414)
05/17 18:25:19.604: [app] INFO: NRF initialize...done (../src/nrf/app.c:31)
05/17 18:25:19.605: [nrf] INFO: [b73ca6fa-144c-41ef-95f3-872a41316fbe] NF registered [Heartbeat:10s] (../src/nrf/nf-sm.c:192)
05/17 18:25:19.606: [nrf] INFO: [b73ce11a-144c-41ef-a3df-7f560d7d2a7d] Subscription created until 2024-05-18T18:25:19.606514+05:30 [validity_duration:86400] (../src/nrf/nnrf-handler.c:446)
05/17 18:25:19.606: [nrf] INFO: [b73ce570-144c-41ef-a3df-7f560d7d2a7d] Subscription created until 2024-05-18T18:25:19.606621+05:30 [validity_duration:86400] (../src/nrf/nnrf-handler.c:446)
05/17 18:25:19.610: [nrf] INFO: [b73ce2c8-144c-41ef-a472-1d260e5c1df3] NF registered [Heartbeat:10s] (../src/nrf/nf-sm.c:192)
05/17 18:25:19.611: [nrf] INFO: [b73d9754-144c-41ef-a3df-7f560d7d2a7d] Subscription created until 2024-05-18T18:25:19.611177+05:30 [validity_duration:86400] (../src/nrf/nnrf-handler.c:446)
05/17 18:25:19.611: [nrf] INFO: [b73d9e20-144c-41ef-a3df-7f560d7d2a7d] Subscription created until 2024-05-18T18:25:19.611349+05:30 [validity_duration:86400] (../src/nrf/nnrf-handler.c:446)
05/17 18:25:19.611: [nrf] INFO: [b73da1d6-144c-41ef-a3df-7f560d7d2a7d] Subscription created until 2024-05-18T18:25:19.611444+05:30 [validity_duration:86400] (../src/nrf/nnrf-handler.c:446)
05/17 18:25:19.611: [nrf] INFO: [b73d52c6-144c-41ef-827c-3d9aada53e7d] NF registered [Heartbeat:10s] (../src/nrf/nf-sm.c:192)
05/17 18:25:19.612: [nrf] INFO: [b73d89f8-144c-41ef-90fa-953b7346d24d] NF registered [Heartbeat:10s] (../src/nrf/nf-sm.c:192)
05/17 18:25:19.612: [nrf] INFO: [b73dcfa8-144c-41ef-a3df-7f560d7d2a7d] Subscription created until 2024-05-18T18:25:19.612618+05:30 [validity_duration:86400] (../src/nrf/nnrf-handler.c:446)
05/17 18:25:19.612: [nrf] INFO: [b73dd3c2-144c-41ef-a3df-7f560d7d2a7d] Subscription created until 2024-05-18T18:25:19.612721+05:30 [validity_duration:86400] (../src/nrf/nnrf-handler.c:446)
05/17 18:25:19.612: [nrf] INFO: [b73dd8f4-144c-41ef-a3df-7f560d7d2a7d] Subscription created until 2024-05-18T18:25:19.612854+05:30 [validity_duration:86400] (../src/nrf/nnrf-handler.c:446)
05/17 18:25:19.613: [nrf] INFO: [b73dde80-144c-41ef-a3df-7f560d7d2a7d] Subscription created until 2024-05-18T18:25:19.612996+05:30 [validity_duration:86400] (../src/nrf/nnrf-handler.c:446)
05/17 18:25:19.613: [nrf] INFO: [b73ddffc-144c-41ef-a3df-7f560d7d2a7d] Subscription created until 2024-05-18T18:25:19.613033+05:30 [validity_duration:86400] (../src/nrf/nnrf-handler.c:446)
05/17 18:25:19.613: [nrf] INFO: [b73de3a8-144c-41ef-a3df-7f560d7d2a7d] Subscription created until 2024-05-18T18:25:19.613130+05:30 [validity_duration:86400] (../src/nrf/nnrf-handler.c:446)
05/17 18:25:19.613: [nrf] INFO: [b73de57e-144c-41ef-a3df-7f560d7d2a7d] Subscription created until 2024-05-18T18:25:19.613175+05:30 [validity_duration:86400] (../src/nrf/nnrf-handler.c:446)
05/17 18:25:19.613: [nrf] INFO: [b73deaec-144c-41ef-a3df-7f560d7d2a7d] Subscription created until 2024-05-18T18:25:19.613315+05:30 [validity_duration:86400] (../src/nrf/nnrf-handler.c:446)
05/17 18:25:19.736: [nrf] INFO: [b744c16e-144c-41ef-b928-05bf6a7c910c] NF registered [Heartbeat:10s] (../src/nrf/nf-sm.c:192)
05/17 18:25:19.736: [nrf] INFO: [b750c2fc-144c-41ef-a3df-7f560d7d2a7d] Subscription created until 2024-05-18T18:25:19.736813+05:30 [validity_duration:86400] (../src/nrf/nnrf-handler.c:446)
05/17 18:25:19.736: [nrf] INFO: [b750c90a-144c-41ef-a3df-7f560d7d2a7d] Subscription created until 2024-05-18T18:25:19.736966+05:30 [validity_duration:86400] (../src/nrf/nnrf-handler.c:446)
05/17 18:25:19.737: [nrf] INFO: [b750cd2e-144c-41ef-a3df-7f560d7d2a7d] Subscription created until 2024-05-18T18:25:19.737071+05:30 [validity_duration:86400] (../src/nrf/nnrf-handler.c:446)
05/17 18:25:19.737: [nrf] INFO: [b750ceaa-144c-41ef-a3df-7f560d7d2a7d] Subscription created until 2024-05-18T18:25:19.737108+05:30 [validity_duration:86400] (../src/nrf/nnrf-handler.c:446)
05/17 18:25:19.737: [nrf] INFO: [b750d38c-144c-41ef-a3df-7f560d7d2a7d] Subscription created until 2024-05-18T18:25:19.737235+05:30 [validity_duration:86400] (../src/nrf/nnrf-handler.c:446)
05/17 18:25:21.608: [nrf] INFO: [b73c6140-144c-41ef-9408-edaf69f45eec] NF registered [Heartbeat:10s] (../src/nrf/nf-sm.c:192)
05/17 18:25:21.608: [nrf] INFO: [b73c61c2-144c-41ef-8f43-2193462e740a] NF registered [Heartbeat:10s] (../src/nrf/nf-sm.c:192)
05/17 18:25:21.609: [nrf] INFO: [b73c6302-144c-41ef-bc79-01b7a53dcf83] NF registered [Heartbeat:10s] (../src/nrf/nf-sm.c:192)
05/17 18:25:21.612: [nrf] INFO: [b86ee6b4-144c-41ef-a3df-7f560d7d2a7d] Subscription created until 2024-05-18T18:25:21.612077+05:30 [validity_duration:86400] (../src/nrf/nnrf-handler.c:446)
05/17 18:25:21.613: [nrf] INFO: [b86f1f44-144c-41ef-a3df-7f560d7d2a7d] Subscription created until 2024-05-18T18:25:21.613518+05:30 [validity_duration:86400] (../src/nrf/nnrf-handler.c:446)
05/17 18:25:21.614: [nrf] INFO: [b86f336c-144c-41ef-a3df-7f560d7d2a7d] Subscription created until 2024-05-18T18:25:21.614032+05:30 [validity_duration:86400] (../src/nrf/nnrf-handler.c:446)
05/17 18:25:21.614: [nrf] INFO: [b86f3de4-144c-41ef-a3df-7f560d7d2a7d] Subscription created until 2024-05-18T18:25:21.614297+05:30 [validity_duration:86400] (../src/nrf/nnrf-handler.c:446)
05/17 18:25:30.605: [nrf] INFO: [b73c621c-144c-41ef-8102-5d383bd1abf3] NF registered [Heartbeat:10s] (../src/nrf/nf-sm.c:192)
05/17 18:25:30.606: [nrf] INFO: [bdcb5a84-144c-41ef-a3df-7f560d7d2a7d] Subscription created until 2024-05-18T18:25:30.606579+05:30 [validity_duration:86400] (../src/nrf/nnrf-handler.c:446)
05/17 18:25:30.606: [nrf] INFO: [bdcb69a2-144c-41ef-a3df-7f560d7d2a7d] Subscription created until 2024-05-18T18:25:30.606956+05:30 [validity_duration:86400] (../src/nrf/nnrf-handler.c:446)
05/17 18:25:30.607: [nrf] INFO: [bdcb6e8e-144c-41ef-a3df-7f560d7d2a7d] Subscription created until 2024-05-18T18:25:30.607076+05:30 [validity_duration:86400] (../src/nrf/nnrf-handler.c:446)
05/17 18:25:30.607: [nrf] INFO: [bdcb72f8-144c-41ef-a3df-7f560d7d2a7d] Subscription created until 2024-05-18T18:25:30.607189+05:30 [validity_duration:86400] (../src/nrf/nnrf-handler.c:446)
05/17 18:25:30.607: [nrf] INFO: [bdcb77d0-144c-41ef-a3df-7f560d7d2a7d] Subscription created until 2024-05-18T18:25:30.607312+05:30 [validity_duration:86400] (../src/nrf/nnrf-handler.c:446)
05/17 18:25:30.607: [nrf] INFO: [bdcb86d0-144c-41ef-a3df-7f560d7d2a7d] Subscription created until 2024-05-18T18:25:30.607699+05:30 [validity_duration:86400] (../src/nrf/nnrf-handler.c:446)
05/17 18:25:30.607: [nrf] INFO: [bdcb8ae0-144c-41ef-a3df-7f560d7d2a7d] Subscription created until 2024-05-18T18:25:30.607801+05:30 [validity_duration:86400] (../src/nrf/nnrf-handler.c:446)
05/17 18:25:30.607: [nrf] INFO: [bdcb8e5a-144c-41ef-a3df-7f560d7d2a7d] Subscription created until 2024-05-18T18:25:30.607889+05:30 [validity_duration:86400] (../src/nrf/nnrf-handler.c:446)
05/17 18:25:30.607: [nrf] INFO: [bdcb91ac-144c-41ef-a3df-7f560d7d2a7d] Subscription created until 2024-05-18T18:25:30.607982+05:30 [validity_duration:86400] (../src/nrf/nnrf-handler.c:446)
05/17 18:29:30.981: [app] INFO: SIGTERM received (../src/main.c:53)
05/17 18:29:30.981: [app] INFO: Open5GS daemon terminating... (../src/main.c:226)
05/17 18:29:30.982: [nrf] INFO: [b73ca6fa-144c-41ef-95f3-872a41316fbe] NF de-registered (../src/nrf/nf-sm.c:208)
05/17 18:29:30.982: [nrf] INFO: [b73ce2c8-144c-41ef-a472-1d260e5c1df3] NF de-registered (../src/nrf/nf-sm.c:208)
05/17 18:29:30.982: [nrf] INFO: [b73d52c6-144c-41ef-827c-3d9aada53e7d] NF de-registered (../src/nrf/nf-sm.c:208)
05/17 18:29:30.982: [nrf] INFO: [b73d89f8-144c-41ef-90fa-953b7346d24d] NF de-registered (../src/nrf/nf-sm.c:208)
05/17 18:29:30.983: [nrf] INFO: [b744c16e-144c-41ef-b928-05bf6a7c910c] NF de-registered (../src/nrf/nf-sm.c:208)
05/17 18:29:30.983: [nrf] INFO: [b73c6140-144c-41ef-9408-edaf69f45eec] NF de-registered (../src/nrf/nf-sm.c:208)
05/17 18:29:30.983: [nrf] INFO: [b73c61c2-144c-41ef-8f43-2193462e740a] NF de-registered (../src/nrf/nf-sm.c:208)
05/17 18:29:30.983: [nrf] INFO: [b73c6302-144c-41ef-bc79-01b7a53dcf83] NF de-registered (../src/nrf/nf-sm.c:208)
05/17 18:29:30.983: [nrf] INFO: [b73c621c-144c-41ef-8102-5d383bd1abf3] NF de-registered (../src/nrf/nf-sm.c:208)
05/17 18:29:30.984: [app] INFO: NRF terminate...done (../src/nrf/app.c:39)
Open5GS daemon v2.7.1

05/17 18:30:08.107: [app] INFO: Configuration: 'nrf.yaml' (../lib/app/ogs-init.c:133)
05/17 18:30:08.107: [app] INFO: File Logging: 'log/open5gs/nrf.log' (../lib/app/ogs-init.c:136)
05/17 18:30:08.109: [sbi] INFO: nghttp2_server() [http://127.0.0.10]:7777 (../lib/sbi/nghttp2-server.c:414)
05/17 18:30:08.109: [app] INFO: NRF initialize...done (../src/nrf/app.c:31)
05/17 18:30:08.109: [nrf] INFO: [6332de8e-144d-41ef-ae18-45d442b624e1] NF registered [Heartbeat:10s] (../src/nrf/nf-sm.c:192)
05/17 18:30:08.110: [nrf] INFO: [63331066-144d-41ef-a273-b5f37ed70598] Subscription created until 2024-05-18T18:30:08.110304+05:30 [validity_duration:86400] (../src/nrf/nnrf-handler.c:446)
05/17 18:30:08.110: [nrf] INFO: [6333169c-144d-41ef-a273-b5f37ed70598] Subscription created until 2024-05-18T18:30:08.110459+05:30 [validity_duration:86400] (../src/nrf/nnrf-handler.c:446)
05/17 18:30:08.110: [nrf] INFO: [63331840-144d-41ef-a273-b5f37ed70598] Subscription created until 2024-05-18T18:30:08.110500+05:30 [validity_duration:86400] (../src/nrf/nnrf-handler.c:446)
05/17 18:30:08.110: [nrf] INFO: [63331a02-144d-41ef-a273-b5f37ed70598] Subscription created until 2024-05-18T18:30:08.110544+05:30 [validity_duration:86400] (../src/nrf/nnrf-handler.c:446)
05/17 18:30:08.110: [nrf] INFO: [63331ba6-144d-41ef-a273-b5f37ed70598] Subscription created until 2024-05-18T18:30:08.110586+05:30 [validity_duration:86400] (../src/nrf/nnrf-handler.c:446)
05/17 18:30:08.110: [nrf] INFO: [63331d36-144d-41ef-a273-b5f37ed70598] Subscription created until 2024-05-18T18:30:08.110626+05:30 [validity_duration:86400] (../src/nrf/nnrf-handler.c:446)
05/17 18:30:08.110: [nrf] INFO: [633322a4-144d-41ef-a273-b5f37ed70598] Subscription created until 2024-05-18T18:30:08.110766+05:30 [validity_duration:86400] (../src/nrf/nnrf-handler.c:446)
05/17 18:30:08.110: [nrf] INFO: [63332402-144d-41ef-a273-b5f37ed70598] Subscription created until 2024-05-18T18:30:08.110800+05:30 [validity_duration:86400] (../src/nrf/nnrf-handler.c:446)
05/17 18:30:08.110: [nrf] INFO: [63332524-144d-41ef-a273-b5f37ed70598] Subscription created until 2024-05-18T18:30:08.110829+05:30 [validity_duration:86400] (../src/nrf/nnrf-handler.c:446)
05/17 18:30:08.111: [nrf] INFO: [6332ffb8-144d-41ef-83b9-83044a7d79ea] NF registered [Heartbeat:10s] (../src/nrf/nf-sm.c:192)
05/17 18:30:08.112: [nrf] INFO: [63336d54-144d-41ef-a273-b5f37ed70598] Subscription created until 2024-05-18T18:30:08.112682+05:30 [validity_duration:86400] (../src/nrf/nnrf-handler.c:446)
05/17 18:30:08.112: [nrf] INFO: [6333720e-144d-41ef-a273-b5f37ed70598] Subscription created until 2024-05-18T18:30:08.112800+05:30 [validity_duration:86400] (../src/nrf/nnrf-handler.c:446)
05/17 18:30:08.112: [nrf] INFO: [633373b2-144d-41ef-a273-b5f37ed70598] Subscription created until 2024-05-18T18:30:08.112840+05:30 [validity_duration:86400] (../src/nrf/nnrf-handler.c:446)
05/17 18:30:08.112: [nrf] INFO: [63337876-144d-41ef-a273-b5f37ed70598] Subscription created until 2024-05-18T18:30:08.112963+05:30 [validity_duration:86400] (../src/nrf/nnrf-handler.c:446)
05/17 18:30:08.113: [nrf] INFO: [63337bb4-144d-41ef-a273-b5f37ed70598] Subscription created until 2024-05-18T18:30:08.113046+05:30 [validity_duration:86400] (../src/nrf/nnrf-handler.c:446)
05/17 18:30:08.113: [nrf] INFO: [63337d4e-144d-41ef-a273-b5f37ed70598] Subscription created until 2024-05-18T18:30:08.113086+05:30 [validity_duration:86400] (../src/nrf/nnrf-handler.c:446)
05/17 18:30:08.113: [nrf] INFO: [63337ef2-144d-41ef-a273-b5f37ed70598] Subscription created until 2024-05-18T18:30:08.113128+05:30 [validity_duration:86400] (../src/nrf/nnrf-handler.c:446)
05/17 18:30:08.114: [nrf] INFO: [63336eb2-144d-41ef-9ef0-359f8fdf28b7] NF registered [Heartbeat:10s] (../src/nrf/nf-sm.c:192)
05/17 18:30:08.114: [nrf] INFO: [63336bec-144d-41ef-97ff-7f2c233ede55] NF registered [Heartbeat:10s] (../src/nrf/nf-sm.c:192)
05/17 18:30:08.115: [nrf] INFO: [6333db5e-144d-41ef-a273-b5f37ed70598] Subscription created until 2024-05-18T18:30:08.115497+05:30 [validity_duration:86400] (../src/nrf/nnrf-handler.c:446)
05/17 18:30:08.115: [nrf] INFO: [6333deec-144d-41ef-a273-b5f37ed70598] Subscription created until 2024-05-18T18:30:08.115586+05:30 [validity_duration:86400] (../src/nrf/nnrf-handler.c:446)
05/17 18:30:08.115: [nrf] INFO: [6333e392-144d-41ef-a273-b5f37ed70598] Subscription created until 2024-05-18T18:30:08.115705+05:30 [validity_duration:86400] (../src/nrf/nnrf-handler.c:446)
05/17 18:30:08.115: [nrf] INFO: [6333e4fa-144d-41ef-a273-b5f37ed70598] Subscription created until 2024-05-18T18:30:08.115740+05:30 [validity_duration:86400] (../src/nrf/nnrf-handler.c:446)
05/17 18:30:08.201: [nrf] INFO: [633c89de-144d-41ef-9a89-ef22ebf791f3] NF registered [Heartbeat:10s] (../src/nrf/nf-sm.c:192)
05/17 18:30:08.202: [nrf] INFO: [63412dae-144d-41ef-a273-b5f37ed70598] Subscription created until 2024-05-18T18:30:08.202803+05:30 [validity_duration:86400] (../src/nrf/nnrf-handler.c:446)
05/17 18:30:08.202: [nrf] INFO: [634131c8-144d-41ef-a273-b5f37ed70598] Subscription created until 2024-05-18T18:30:08.202905+05:30 [validity_duration:86400] (../src/nrf/nnrf-handler.c:446)
05/17 18:30:08.203: [nrf] INFO: [634136be-144d-41ef-a273-b5f37ed70598] Subscription created until 2024-05-18T18:30:08.203031+05:30 [validity_duration:86400] (../src/nrf/nnrf-handler.c:446)
05/17 18:30:08.203: [nrf] INFO: [63413b78-144d-41ef-a273-b5f37ed70598] Subscription created until 2024-05-18T18:30:08.203152+05:30 [validity_duration:86400] (../src/nrf/nnrf-handler.c:446)
05/17 18:30:08.203: [nrf] INFO: [63413cea-144d-41ef-a273-b5f37ed70598] Subscription created until 2024-05-18T18:30:08.203188+05:30 [validity_duration:86400] (../src/nrf/nnrf-handler.c:446)
05/17 18:30:19.120: [nrf] INFO: [6332951e-144d-41ef-af68-abf01611569d] NF registered [Heartbeat:10s] (../src/nrf/nf-sm.c:192)
05/17 18:30:19.121: [nrf] INFO: [6332944c-144d-41ef-a486-196bc7af145d] NF registered [Heartbeat:10s] (../src/nrf/nf-sm.c:192)
05/17 18:30:19.121: [nrf] INFO: [633296ae-144d-41ef-82b8-cd6c6ad01de0] NF registered [Heartbeat:10s] (../src/nrf/nf-sm.c:192)
05/17 18:30:19.122: [nrf] INFO: [633293f2-144d-41ef-87e7-676b00ec4e77] NF registered [Heartbeat:10s] (../src/nrf/nf-sm.c:192)
05/17 18:30:19.125: [nrf] INFO: [69c3d4ec-144d-41ef-a273-b5f37ed70598] Subscription created until 2024-05-18T18:30:19.125394+05:30 [validity_duration:86400] (../src/nrf/nnrf-handler.c:446)
05/17 18:30:19.128: [nrf] INFO: [69c44bca-144d-41ef-a273-b5f37ed70598] Subscription created until 2024-05-18T18:30:19.128439+05:30 [validity_duration:86400] (../src/nrf/nnrf-handler.c:446)
05/17 18:30:19.128: [nrf] INFO: [69c45c0a-144d-41ef-a273-b5f37ed70598] Subscription created until 2024-05-18T18:30:19.128848+05:30 [validity_duration:86400] (../src/nrf/nnrf-handler.c:446)
05/17 18:30:19.129: [nrf] INFO: [69c4663c-144d-41ef-a273-b5f37ed70598] Subscription created until 2024-05-18T18:30:19.129106+05:30 [validity_duration:86400] (../src/nrf/nnrf-handler.c:446)
05/17 18:30:19.129: [nrf] INFO: [69c46a6a-144d-41ef-a273-b5f37ed70598] Subscription created until 2024-05-18T18:30:19.129210+05:30 [validity_duration:86400] (../src/nrf/nnrf-handler.c:446)
05/17 18:30:19.129: [nrf] INFO: [69c4751e-144d-41ef-a273-b5f37ed70598] Subscription created until 2024-05-18T18:30:19.129495+05:30 [validity_duration:86400] (../src/nrf/nnrf-handler.c:446)
05/17 18:30:29.753: [app] INFO: SIGTERM received (../src/main.c:53)
05/17 18:30:29.753: [app] INFO: Open5GS daemon terminating... (../src/main.c:226)
05/17 18:30:29.754: [nrf] INFO: [6332de8e-144d-41ef-ae18-45d442b624e1] NF de-registered (../src/nrf/nf-sm.c:208)
05/17 18:30:29.754: [nrf] INFO: [6332ffb8-144d-41ef-83b9-83044a7d79ea] NF de-registered (../src/nrf/nf-sm.c:208)
05/17 18:30:29.755: [nrf] INFO: [63336eb2-144d-41ef-9ef0-359f8fdf28b7] NF de-registered (../src/nrf/nf-sm.c:208)
05/17 18:30:29.755: [nrf] INFO: [63336bec-144d-41ef-97ff-7f2c233ede55] NF de-registered (../src/nrf/nf-sm.c:208)
05/17 18:30:29.755: [nrf] INFO: [633c89de-144d-41ef-9a89-ef22ebf791f3] NF de-registered (../src/nrf/nf-sm.c:208)
05/17 18:30:29.756: [nrf] INFO: [6332951e-144d-41ef-af68-abf01611569d] NF de-registered (../src/nrf/nf-sm.c:208)
05/17 18:30:29.756: [nrf] INFO: [6332944c-144d-41ef-a486-196bc7af145d] NF de-registered (../src/nrf/nf-sm.c:208)
05/17 18:30:29.756: [nrf] INFO: [633296ae-144d-41ef-82b8-cd6c6ad01de0] NF de-registered (../src/nrf/nf-sm.c:208)
05/17 18:30:29.756: [nrf] INFO: [633293f2-144d-41ef-87e7-676b00ec4e77] NF de-registered (../src/nrf/nf-sm.c:208)
05/17 18:30:29.759: [app] INFO: NRF terminate...done (../src/nrf/app.c:39)
Open5GS daemon v2.7.1

05/17 18:30:31.606: [app] INFO: Configuration: 'nrf.yaml' (../lib/app/ogs-init.c:133)
05/17 18:30:31.606: [app] INFO: File Logging: 'log/open5gs/nrf.log' (../lib/app/ogs-init.c:136)
05/17 18:30:31.607: [sbi] INFO: nghttp2_server() [http://127.0.0.10]:7777 (../lib/sbi/nghttp2-server.c:414)
05/17 18:30:31.607: [app] INFO: NRF initialize...done (../src/nrf/app.c:31)
05/17 18:30:31.607: [nrf] INFO: [71346976-144d-41ef-b64a-ab37b0ac199b] NF registered [Heartbeat:10s] (../src/nrf/nf-sm.c:192)
05/17 18:30:31.608: [nrf] INFO: [71349b94-144d-41ef-8bd9-35ff2bd7980b] Subscription created until 2024-05-18T18:30:31.608522+05:30 [validity_duration:86400] (../src/nrf/nnrf-handler.c:446)
05/17 18:30:31.608: [nrf] INFO: [7134a1c0-144d-41ef-8bd9-35ff2bd7980b] Subscription created until 2024-05-18T18:30:31.608677+05:30 [validity_duration:86400] (../src/nrf/nnrf-handler.c:446)
05/17 18:30:31.608: [nrf] INFO: [7134a36e-144d-41ef-8bd9-35ff2bd7980b] Subscription created until 2024-05-18T18:30:31.608718+05:30 [validity_duration:86400] (../src/nrf/nnrf-handler.c:446)
05/17 18:30:31.608: [nrf] INFO: [7134a53a-144d-41ef-8bd9-35ff2bd7980b] Subscription created until 2024-05-18T18:30:31.608764+05:30 [validity_duration:86400] (../src/nrf/nnrf-handler.c:446)
05/17 18:30:31.608: [nrf] INFO: [7134a6e8-144d-41ef-8bd9-35ff2bd7980b] Subscription created until 2024-05-18T18:30:31.608806+05:30 [validity_duration:86400] (../src/nrf/nnrf-handler.c:446)
05/17 18:30:31.608: [nrf] INFO: [7134a86e-144d-41ef-8bd9-35ff2bd7980b] Subscription created until 2024-05-18T18:30:31.608846+05:30 [validity_duration:86400] (../src/nrf/nnrf-handler.c:446)
05/17 18:30:31.608: [nrf] INFO: [7134adc8-144d-41ef-8bd9-35ff2bd7980b] Subscription created until 2024-05-18T18:30:31.608984+05:30 [validity_duration:86400] (../src/nrf/nnrf-handler.c:446)
05/17 18:30:31.609: [nrf] INFO: [7134af30-144d-41ef-8bd9-35ff2bd7980b] Subscription created until 2024-05-18T18:30:31.609019+05:30 [validity_duration:86400] (../src/nrf/nnrf-handler.c:446)
05/17 18:30:31.609: [nrf] INFO: [7134b05c-144d-41ef-8bd9-35ff2bd7980b] Subscription created until 2024-05-18T18:30:31.609049+05:30 [validity_duration:86400] (../src/nrf/nnrf-handler.c:446)
05/17 18:30:31.609: [nrf] INFO: [713476fa-144d-41ef-b22a-774be0ed00d0] NF registered [Heartbeat:10s] (../src/nrf/nf-sm.c:192)
05/17 18:30:31.610: [nrf] INFO: [7134a288-144d-41ef-8a7d-0501bdd6b73e] NF registered [Heartbeat:10s] (../src/nrf/nf-sm.c:192)
05/17 18:30:31.610: [nrf] INFO: [7134eb9e-144d-41ef-8bd9-35ff2bd7980b] Subscription created until 2024-05-18T18:30:31.610569+05:30 [validity_duration:86400] (../src/nrf/nnrf-handler.c:446)
05/17 18:30:31.610: [nrf] INFO: [7134ef5e-144d-41ef-8bd9-35ff2bd7980b] Subscription created until 2024-05-18T18:30:31.610664+05:30 [validity_duration:86400] (../src/nrf/nnrf-handler.c:446)
05/17 18:30:31.611: [nrf] INFO: [7134c664-144d-41ef-98ee-fb4f33d2be0c] NF registered [Heartbeat:10s] (../src/nrf/nf-sm.c:192)
05/17 18:30:31.611: [nrf] INFO: [71351524-144d-41ef-8bd9-35ff2bd7980b] Subscription created until 2024-05-18T18:30:31.611633+05:30 [validity_duration:86400] (../src/nrf/nnrf-handler.c:446)
05/17 18:30:31.611: [nrf] INFO: [71351c72-144d-41ef-8bd9-35ff2bd7980b] Subscription created until 2024-05-18T18:30:31.611819+05:30 [validity_duration:86400] (../src/nrf/nnrf-handler.c:446)
05/17 18:30:31.611: [nrf] INFO: [71351e2a-144d-41ef-8bd9-35ff2bd7980b] Subscription created until 2024-05-18T18:30:31.611860+05:30 [validity_duration:86400] (../src/nrf/nnrf-handler.c:446)
05/17 18:30:31.611: [nrf] INFO: [71351fb0-144d-41ef-8bd9-35ff2bd7980b] Subscription created until 2024-05-18T18:30:31.611899+05:30 [validity_duration:86400] (../src/nrf/nnrf-handler.c:446)
05/17 18:30:31.611: [nrf] INFO: [7135215e-144d-41ef-8bd9-35ff2bd7980b] Subscription created until 2024-05-18T18:30:31.611942+05:30 [validity_duration:86400] (../src/nrf/nnrf-handler.c:446)
05/17 18:30:31.612: [nrf] INFO: [7135260e-144d-41ef-8bd9-35ff2bd7980b] Subscription created until 2024-05-18T18:30:31.612063+05:30 [validity_duration:86400] (../src/nrf/nnrf-handler.c:446)
05/17 18:30:31.612: [nrf] INFO: [713527e4-144d-41ef-8bd9-35ff2bd7980b] Subscription created until 2024-05-18T18:30:31.612109+05:30 [validity_duration:86400] (../src/nrf/nnrf-handler.c:446)
05/17 18:30:31.612: [nrf] INFO: [71350048-144d-41ef-9e7c-9132da4bde06] NF registered [Heartbeat:10s] (../src/nrf/nf-sm.c:192)
05/17 18:30:31.612: [nrf] INFO: [71353e82-144d-41ef-8bd9-35ff2bd7980b] Subscription created until 2024-05-18T18:30:31.612691+05:30 [validity_duration:86400] (../src/nrf/nnrf-handler.c:446)
05/17 18:30:31.612: [nrf] INFO: [71354030-144d-41ef-8bd9-35ff2bd7980b] Subscription created until 2024-05-18T18:30:31.612731+05:30 [validity_duration:86400] (../src/nrf/nnrf-handler.c:446)
05/17 18:30:31.612: [nrf] INFO: [7135424c-144d-41ef-8bd9-35ff2bd7980b] Subscription created until 2024-05-18T18:30:31.612785+05:30 [validity_duration:86400] (../src/nrf/nnrf-handler.c:446)
05/17 18:30:31.613: [nrf] INFO: [71356786-144d-41ef-8bd9-35ff2bd7980b] Subscription created until 2024-05-18T18:30:31.613741+05:30 [validity_duration:86400] (../src/nrf/nnrf-handler.c:446)
05/17 18:30:31.696: [nrf] INFO: [713b2a22-144d-41ef-8d1d-25299c2db89e] NF registered [Heartbeat:10s] (../src/nrf/nf-sm.c:192)
05/17 18:30:31.696: [nrf] INFO: [71421b16-144d-41ef-8bd9-35ff2bd7980b] Subscription created until 2024-05-18T18:30:31.696983+05:30 [validity_duration:86400] (../src/nrf/nnrf-handler.c:446)
05/17 18:30:31.697: [nrf] INFO: [71422156-144d-41ef-8bd9-35ff2bd7980b] Subscription created until 2024-05-18T18:30:31.697140+05:30 [validity_duration:86400] (../src/nrf/nnrf-handler.c:446)
05/17 18:30:31.697: [nrf] INFO: [71422476-144d-41ef-8bd9-35ff2bd7980b] Subscription created until 2024-05-18T18:30:31.697219+05:30 [validity_duration:86400] (../src/nrf/nnrf-handler.c:446)
05/17 18:30:31.697: [nrf] INFO: [71422610-144d-41ef-8bd9-35ff2bd7980b] Subscription created until 2024-05-18T18:30:31.697259+05:30 [validity_duration:86400] (../src/nrf/nnrf-handler.c:446)
05/17 18:30:31.697: [nrf] INFO: [71422a84-144d-41ef-8bd9-35ff2bd7980b] Subscription created until 2024-05-18T18:30:31.697374+05:30 [validity_duration:86400] (../src/nrf/nnrf-handler.c:446)
05/17 18:30:42.611: [nrf] INFO: [71343064-144d-41ef-835e-e5ede41867a1] NF registered [Heartbeat:10s] (../src/nrf/nf-sm.c:192)
05/17 18:30:42.614: [nrf] INFO: [77c3ed0c-144d-41ef-8bd9-35ff2bd7980b] Subscription created until 2024-05-18T18:30:42.614117+05:30 [validity_duration:86400] (../src/nrf/nnrf-handler.c:446)
05/17 18:30:42.615: [nrf] INFO: [71342d94-144d-41ef-9342-df78b66ffcd3] NF registered [Heartbeat:10s] (../src/nrf/nf-sm.c:192)
05/17 18:30:42.619: [nrf] INFO: [71342dd0-144d-41ef-b04d-0997741783ae] NF registered [Heartbeat:10s] (../src/nrf/nf-sm.c:192)
05/17 18:30:42.621: [nrf] INFO: [77c4fd28-144d-41ef-8bd9-35ff2bd7980b] Subscription created until 2024-05-18T18:30:42.621080+05:30 [validity_duration:86400] (../src/nrf/nnrf-handler.c:446)
05/17 18:30:42.621: [nrf] INFO: [77c504b2-144d-41ef-8bd9-35ff2bd7980b] Subscription created until 2024-05-18T18:30:42.621266+05:30 [validity_duration:86400] (../src/nrf/nnrf-handler.c:446)
05/17 18:30:42.622: [nrf] INFO: [77c544d6-144d-41ef-8bd9-35ff2bd7980b] Subscription created until 2024-05-18T18:30:42.622918+05:30 [validity_duration:86400] (../src/nrf/nnrf-handler.c:446)
