Open5GS daemon v2.7.1

05/17 18:20:52.841: [app] INFO: Configuration: 'nssf.yaml' (../lib/app/ogs-init.c:133)
05/17 18:20:52.841: [app] INFO: File Logging: 'log/open5gs/nssf.log' (../lib/app/ogs-init.c:136)
05/17 18:20:52.842: [sbi] INFO: NF Service [nnssf-nsselection] (../lib/sbi/context.c:1841)
05/17 18:20:52.843: [sbi] INFO: nghttp2_server() [http://127.0.0.14]:7777 (../lib/sbi/nghttp2-server.c:414)
05/17 18:20:52.843: [app] INFO: NSSF initialize...done (../src/nssf/app.c:31)
05/17 18:20:52.843: [sbi] WARNING: [7] Failed to connect to 127.0.0.200 port 7777: Connection refused (../lib/sbi/client.c:698)
05/17 18:20:52.843: [sbi] WARNING: ogs_sbi_client_handler() failed [-1] (../lib/sbi/path.c:62)
05/17 18:21:03.854: [sbi] WARNING: [183bf920-144c-41ef-9571-0b1f42f053d9] Retry registration with NRF (../lib/sbi/nf-sm.c:182)
05/17 18:21:03.863: [sbi] INFO: [183bf920-144c-41ef-9571-0b1f42f053d9] NF registered [Heartbeat:10s] (../lib/sbi/nf-sm.c:221)
05/17 18:21:03.865: [sbi] INFO: [1ecdc502-144c-41ef-94f4-59214f0394da] Subscription created until 2024-05-18T18:21:03.864677+05:30 [duration:86400,validity:86399.999158,patch:43199.999579] (../lib/sbi/nnrf-handler.c:813)
05/17 18:24:29.212: [app] INFO: SIGTERM received (../src/main.c:53)
05/17 18:24:29.212: [app] INFO: Open5GS daemon terminating... (../src/main.c:226)
05/17 18:24:29.212: [sbi] INFO: [183bf920-144c-41ef-9571-0b1f42f053d9] NF de-registered (../lib/sbi/nf-sm.c:248)
05/17 18:24:29.214: [app] INFO: NSSF terminate...done (../src/nssf/app.c:39)
Open5GS daemon v2.7.1

05/17 18:25:19.602: [app] INFO: Configuration: 'nssf.yaml' (../lib/app/ogs-init.c:133)
05/17 18:25:19.602: [app] INFO: File Logging: 'log/open5gs/nssf.log' (../lib/app/ogs-init.c:136)
05/17 18:25:19.603: [sbi] INFO: NF Service [nnssf-nsselection] (../lib/sbi/context.c:1841)
05/17 18:25:19.603: [sbi] INFO: nghttp2_server() [http://127.0.0.14]:7777 (../lib/sbi/nghttp2-server.c:414)
05/17 18:25:19.603: [app] INFO: NSSF initialize...done (../src/nssf/app.c:31)
05/17 18:25:19.604: [sbi] ERROR: [b73c6140-144c-41ef-9408-edaf69f45eec] HTTP Response Status Code [500] (../lib/sbi/nf-sm.c:158)
05/17 18:25:21.606: [sbi] WARNING: [b73c6140-144c-41ef-9408-edaf69f45eec] Retry registration with NRF (../lib/sbi/nf-sm.c:405)
05/17 18:25:21.610: [sbi] INFO: [b73c6140-144c-41ef-9408-edaf69f45eec] NF registered [Heartbeat:10s] (../lib/sbi/nf-sm.c:221)
05/17 18:25:21.613: [sbi] INFO: [b86ee6b4-144c-41ef-a3df-7f560d7d2a7d] Subscription created until 2024-05-18T18:25:21.612077+05:30 [duration:86400,validity:86399.998419,patch:43199.999209] (../lib/sbi/nnrf-handler.c:813)
05/17 18:29:30.981: [app] INFO: SIGTERM received (../src/main.c:53)
05/17 18:29:30.981: [app] INFO: Open5GS daemon terminating... (../src/main.c:226)
05/17 18:29:30.981: [sbi] INFO: [b73c6140-144c-41ef-9408-edaf69f45eec] NF de-registered (../lib/sbi/nf-sm.c:248)
05/17 18:29:30.982: [app] INFO: NSSF terminate...done (../src/nssf/app.c:39)
Open5GS daemon v2.7.1

05/17 18:30:08.106: [app] INFO: Configuration: 'nssf.yaml' (../lib/app/ogs-init.c:133)
05/17 18:30:08.106: [app] INFO: File Logging: 'log/open5gs/nssf.log' (../lib/app/ogs-init.c:136)
05/17 18:30:08.107: [sbi] INFO: NF Service [nnssf-nsselection] (../lib/sbi/context.c:1841)
05/17 18:30:08.107: [sbi] INFO: nghttp2_server() [http://127.0.0.14]:7777 (../lib/sbi/nghttp2-server.c:414)
05/17 18:30:08.107: [app] INFO: NSSF initialize...done (../src/nssf/app.c:31)
05/17 18:30:08.107: [sbi] WARNING: [7] Failed to connect to 127.0.0.200 port 7777: Connection refused (../lib/sbi/client.c:698)
05/17 18:30:08.107: [sbi] WARNING: ogs_sbi_client_handler() failed [-1] (../lib/sbi/path.c:62)
05/17 18:30:19.118: [sbi] WARNING: [6332951e-144d-41ef-af68-abf01611569d] Retry registration with NRF (../lib/sbi/nf-sm.c:182)
05/17 18:30:19.123: [sbi] INFO: [6332951e-144d-41ef-af68-abf01611569d] NF registered [Heartbeat:10s] (../lib/sbi/nf-sm.c:221)
05/17 18:30:19.128: [sbi] INFO: [69c3d4ec-144d-41ef-a273-b5f37ed70598] Subscription created until 2024-05-18T18:30:19.125394+05:30 [duration:86400,validity:86399.997172,patch:43199.998586] (../lib/sbi/nnrf-handler.c:813)
05/17 18:30:29.753: [app] INFO: SIGTERM received (../src/main.c:53)
05/17 18:30:29.753: [app] INFO: Open5GS daemon terminating... (../src/main.c:226)
05/17 18:30:29.753: [sbi] INFO: [6332951e-144d-41ef-af68-abf01611569d] NF de-registered (../lib/sbi/nf-sm.c:248)
05/17 18:30:29.756: [app] INFO: NSSF terminate...done (../src/nssf/app.c:39)
Open5GS daemon v2.7.1

05/17 18:30:31.604: [app] INFO: Configuration: 'nssf.yaml' (../lib/app/ogs-init.c:133)
05/17 18:30:31.604: [app] INFO: File Logging: 'log/open5gs/nssf.log' (../lib/app/ogs-init.c:136)
05/17 18:30:31.605: [sbi] INFO: NF Service [nnssf-nsselection] (../lib/sbi/context.c:1841)
05/17 18:30:31.605: [sbi] INFO: nghttp2_server() [http://127.0.0.14]:7777 (../lib/sbi/nghttp2-server.c:414)
05/17 18:30:31.606: [app] INFO: NSSF initialize...done (../src/nssf/app.c:31)
05/17 18:30:31.606: [sbi] WARNING: [7] Failed to connect to 127.0.0.200 port 7777: Connection refused (../lib/sbi/client.c:698)
05/17 18:30:31.606: [sbi] WARNING: ogs_sbi_client_handler() failed [-1] (../lib/sbi/path.c:62)
05/17 18:30:42.617: [sbi] WARNING: [71342dd0-144d-41ef-b04d-0997741783ae] Retry registration with NRF (../lib/sbi/nf-sm.c:182)
05/17 18:30:42.622: [sbi] INFO: [71342dd0-144d-41ef-b04d-0997741783ae] NF registered [Heartbeat:10s] (../lib/sbi/nf-sm.c:221)
05/17 18:30:42.623: [sbi] INFO: [77c544d6-144d-41ef-8bd9-35ff2bd7980b] Subscription created until 2024-05-18T18:30:42.622918+05:30 [duration:86400,validity:86399.999344,patch:43199.999672] (../lib/sbi/nnrf-handler.c:813)
