Open5GS daemon v2.7.1

05/17 18:20:52.844: [app] INFO: Configuration: 'pcf.yaml' (../lib/app/ogs-init.c:133)
05/17 18:20:52.844: [app] INFO: File Logging: 'log/open5gs/pcf.log' (../lib/app/ogs-init.c:136)
05/17 18:20:52.845: [metrics] ERROR: Cannot start Prometheus HTTP server (../lib/metrics/prometheus/context.c:282)
05/17 18:20:52.846: [dbi] INFO: MongoDB URI: 'mongodb://localhost/open5gs' (../lib/dbi/ogs-mongoc.c:130)
05/17 18:20:52.846: [sbi] INFO: NF Service [npcf-am-policy-control] (../lib/sbi/context.c:1841)
05/17 18:20:52.846: [sbi] INFO: NF Service [npcf-smpolicycontrol] (../lib/sbi/context.c:1841)
05/17 18:20:52.846: [sbi] INFO: NF Service [npcf-policyauthorization] (../lib/sbi/context.c:1841)
05/17 18:20:52.846: [sbi] INFO: nghttp2_server() [http://127.0.0.13]:7777 (../lib/sbi/nghttp2-server.c:414)
05/17 18:20:52.846: [app] INFO: PCF initialize...done (../src/pcf/app.c:31)
05/17 18:20:52.847: [sbi] INFO: [183c6946-144c-41ef-94e8-6b910cbe25aa] NF registered [Heartbeat:10s] (../lib/sbi/nf-sm.c:221)
05/17 18:20:52.849: [sbi] INFO: [183cd44e-144c-41ef-94f4-59214f0394da] Subscription created until 2024-05-18T18:20:52.848448+05:30 [duration:86400,validity:86399.999320,patch:43199.999660] (../lib/sbi/nnrf-handler.c:813)
05/17 18:20:52.849: [sbi] INFO: [183cd868-144c-41ef-94f4-59214f0394da] Subscription created until 2024-05-18T18:20:52.848552+05:30 [duration:86400,validity:86399.999352,patch:43199.999676] (../lib/sbi/nnrf-handler.c:813)
05/17 18:20:52.849: [sbi] INFO: (NRF-notify) NF registered [183cad7a-144c-41ef-844a-336638f93a9e:1] (../lib/sbi/nnrf-handler.c:1058)
05/17 18:20:52.849: [sbi] INFO: [UDR] (NRF-notify) NF Profile updated [183cad7a-144c-41ef-844a-336638f93a9e:1] (../lib/sbi/nnrf-handler.c:1072)
05/17 18:20:52.849: [sbi] INFO: [183cda20-144c-41ef-94f4-59214f0394da] Subscription created until 2024-05-18T18:20:52.848596+05:30 [duration:86400,validity:86399.999128,patch:43199.999564] (../lib/sbi/nnrf-handler.c:813)
05/17 18:21:03.857: [sbi] INFO: (NRF-notify) NF registered [183bf2f4-144c-41ef-b4e5-67ad54ad2ecc:1] (../lib/sbi/nnrf-handler.c:1058)
05/17 18:21:03.857: [sbi] INFO: [BSF] (NRF-notify) NF Profile updated [183bf2f4-144c-41ef-b4e5-67ad54ad2ecc:1] (../lib/sbi/nnrf-handler.c:1072)
05/17 18:24:29.212: [app] INFO: SIGTERM received (../src/main.c:53)
05/17 18:24:29.212: [app] INFO: Open5GS daemon terminating... (../src/main.c:226)
05/17 18:24:29.212: [sbi] INFO: [183c6946-144c-41ef-94e8-6b910cbe25aa] NF de-registered (../lib/sbi/nf-sm.c:248)
05/17 18:24:29.215: [app] INFO: PCF terminate...done (../src/pcf/app.c:39)
Open5GS daemon v2.7.1

05/17 18:25:19.605: [app] INFO: Configuration: 'pcf.yaml' (../lib/app/ogs-init.c:133)
05/17 18:25:19.605: [app] INFO: File Logging: 'log/open5gs/pcf.log' (../lib/app/ogs-init.c:136)
05/17 18:25:19.606: [metrics] ERROR: Cannot start Prometheus HTTP server (../lib/metrics/prometheus/context.c:282)
05/17 18:25:19.608: [dbi] INFO: MongoDB URI: 'mongodb://localhost/open5gs' (../lib/dbi/ogs-mongoc.c:130)
05/17 18:25:19.608: [sbi] INFO: NF Service [npcf-am-policy-control] (../lib/sbi/context.c:1841)
05/17 18:25:19.608: [sbi] INFO: NF Service [npcf-smpolicycontrol] (../lib/sbi/context.c:1841)
05/17 18:25:19.608: [sbi] INFO: NF Service [npcf-policyauthorization] (../lib/sbi/context.c:1841)
05/17 18:25:19.609: [sbi] INFO: nghttp2_server() [http://127.0.0.13]:7777 (../lib/sbi/nghttp2-server.c:414)
05/17 18:25:19.609: [app] INFO: PCF initialize...done (../src/pcf/app.c:31)
05/17 18:25:19.610: [sbi] INFO: [b73ce2c8-144c-41ef-a472-1d260e5c1df3] NF registered [Heartbeat:10s] (../lib/sbi/nf-sm.c:221)
05/17 18:25:19.611: [sbi] INFO: [b73d9754-144c-41ef-a3df-7f560d7d2a7d] Subscription created until 2024-05-18T18:25:19.611177+05:30 [duration:86400,validity:86399.999648,patch:43199.999824] (../lib/sbi/nnrf-handler.c:813)
05/17 18:25:19.611: [sbi] INFO: [b73d9e20-144c-41ef-a3df-7f560d7d2a7d] Subscription created until 2024-05-18T18:25:19.611349+05:30 [duration:86400,validity:86399.999527,patch:43199.999763] (../lib/sbi/nnrf-handler.c:813)
05/17 18:25:19.611: [sbi] INFO: [b73da1d6-144c-41ef-a3df-7f560d7d2a7d] Subscription created until 2024-05-18T18:25:19.611444+05:30 [duration:86400,validity:86399.999556,patch:43199.999778] (../lib/sbi/nnrf-handler.c:813)
05/17 18:25:19.612: [sbi] INFO: (NRF-notify) NF registered [b73d89f8-144c-41ef-90fa-953b7346d24d:1] (../lib/sbi/nnrf-handler.c:1058)
05/17 18:25:19.612: [sbi] INFO: [UDR] (NRF-notify) NF Profile updated [b73d89f8-144c-41ef-90fa-953b7346d24d:1] (../lib/sbi/nnrf-handler.c:1072)
05/17 18:25:21.610: [sbi] INFO: (NRF-notify) NF registered [b73c61c2-144c-41ef-8f43-2193462e740a:1] (../lib/sbi/nnrf-handler.c:1058)
05/17 18:25:21.611: [sbi] INFO: [BSF] (NRF-notify) NF Profile updated [b73c61c2-144c-41ef-8f43-2193462e740a:1] (../lib/sbi/nnrf-handler.c:1072)
05/17 18:29:30.981: [app] INFO: SIGTERM received (../src/main.c:53)
05/17 18:29:30.981: [app] INFO: Open5GS daemon terminating... (../src/main.c:226)
05/17 18:29:30.981: [sbi] INFO: [b73ce2c8-144c-41ef-a472-1d260e5c1df3] NF de-registered (../lib/sbi/nf-sm.c:248)
05/17 18:29:30.984: [app] INFO: PCF terminate...done (../src/pcf/app.c:39)
Open5GS daemon v2.7.1

05/17 18:30:08.111: [app] INFO: Configuration: 'pcf.yaml' (../lib/app/ogs-init.c:133)
05/17 18:30:08.111: [app] INFO: File Logging: 'log/open5gs/pcf.log' (../lib/app/ogs-init.c:136)
05/17 18:30:08.112: [metrics] ERROR: Cannot start Prometheus HTTP server (../lib/metrics/prometheus/context.c:282)
05/17 18:30:08.113: [dbi] INFO: MongoDB URI: 'mongodb://localhost/open5gs' (../lib/dbi/ogs-mongoc.c:130)
05/17 18:30:08.113: [sbi] INFO: NF Service [npcf-am-policy-control] (../lib/sbi/context.c:1841)
05/17 18:30:08.113: [sbi] INFO: NF Service [npcf-smpolicycontrol] (../lib/sbi/context.c:1841)
05/17 18:30:08.113: [sbi] INFO: NF Service [npcf-policyauthorization] (../lib/sbi/context.c:1841)
05/17 18:30:08.113: [sbi] INFO: nghttp2_server() [http://127.0.0.13]:7777 (../lib/sbi/nghttp2-server.c:414)
05/17 18:30:08.113: [app] INFO: PCF initialize...done (../src/pcf/app.c:31)
05/17 18:30:08.115: [sbi] INFO: [63336eb2-144d-41ef-9ef0-359f8fdf28b7] NF registered [Heartbeat:10s] (../lib/sbi/nf-sm.c:221)
05/17 18:30:08.115: [sbi] INFO: [6333db5e-144d-41ef-a273-b5f37ed70598] Subscription created until 2024-05-18T18:30:08.115497+05:30 [duration:86400,validity:86399.999664,patch:43199.999832] (../lib/sbi/nnrf-handler.c:813)
05/17 18:30:08.116: [sbi] INFO: [6333e392-144d-41ef-a273-b5f37ed70598] Subscription created until 2024-05-18T18:30:08.115705+05:30 [duration:86400,validity:86399.999659,patch:43199.999829] (../lib/sbi/nnrf-handler.c:813)
05/17 18:30:08.116: [sbi] INFO: [6333e4fa-144d-41ef-a273-b5f37ed70598] Subscription created until 2024-05-18T18:30:08.115740+05:30 [duration:86400,validity:86399.999641,patch:43199.999820] (../lib/sbi/nnrf-handler.c:813)
05/17 18:30:19.124: [sbi] INFO: (NRF-notify) NF registered [633296ae-144d-41ef-82b8-cd6c6ad01de0:1] (../lib/sbi/nnrf-handler.c:1058)
05/17 18:30:19.124: [sbi] INFO: [BSF] (NRF-notify) NF Profile updated [633296ae-144d-41ef-82b8-cd6c6ad01de0:1] (../lib/sbi/nnrf-handler.c:1072)
05/17 18:30:29.753: [app] INFO: SIGTERM received (../src/main.c:53)
05/17 18:30:29.753: [app] INFO: Open5GS daemon terminating... (../src/main.c:226)
05/17 18:30:29.753: [sbi] INFO: [63336eb2-144d-41ef-9ef0-359f8fdf28b7] NF de-registered (../lib/sbi/nf-sm.c:248)
05/17 18:30:29.758: [app] INFO: PCF terminate...done (../src/pcf/app.c:39)
Open5GS daemon v2.7.1

05/17 18:30:31.608: [app] INFO: Configuration: 'pcf.yaml' (../lib/app/ogs-init.c:133)
05/17 18:30:31.608: [app] INFO: File Logging: 'log/open5gs/pcf.log' (../lib/app/ogs-init.c:136)
05/17 18:30:31.609: [metrics] ERROR: Cannot start Prometheus HTTP server (../lib/metrics/prometheus/context.c:282)
05/17 18:30:31.610: [dbi] INFO: MongoDB URI: 'mongodb://localhost/open5gs' (../lib/dbi/ogs-mongoc.c:130)
05/17 18:30:31.610: [sbi] INFO: NF Service [npcf-am-policy-control] (../lib/sbi/context.c:1841)
05/17 18:30:31.610: [sbi] INFO: NF Service [npcf-smpolicycontrol] (../lib/sbi/context.c:1841)
05/17 18:30:31.610: [sbi] INFO: NF Service [npcf-policyauthorization] (../lib/sbi/context.c:1841)
05/17 18:30:31.610: [sbi] INFO: nghttp2_server() [http://127.0.0.13]:7777 (../lib/sbi/nghttp2-server.c:414)
05/17 18:30:31.610: [app] INFO: PCF initialize...done (../src/pcf/app.c:31)
05/17 18:30:31.612: [sbi] INFO: [7134c664-144d-41ef-98ee-fb4f33d2be0c] NF registered [Heartbeat:10s] (../lib/sbi/nf-sm.c:221)
05/17 18:30:31.613: [sbi] INFO: [71353e82-144d-41ef-8bd9-35ff2bd7980b] Subscription created until 2024-05-18T18:30:31.612691+05:30 [duration:86400,validity:86399.999088,patch:43199.999544] (../lib/sbi/nnrf-handler.c:813)
05/17 18:30:31.613: [sbi] INFO: [71354030-144d-41ef-8bd9-35ff2bd7980b] Subscription created until 2024-05-18T18:30:31.612731+05:30 [duration:86400,validity:86399.999087,patch:43199.999543] (../lib/sbi/nnrf-handler.c:813)
05/17 18:30:31.613: [sbi] INFO: [7135424c-144d-41ef-8bd9-35ff2bd7980b] Subscription created until 2024-05-18T18:30:31.612785+05:30 [duration:86400,validity:86399.999073,patch:43199.999536] (../lib/sbi/nnrf-handler.c:813)
05/17 18:30:42.613: [sbi] INFO: (NRF-notify) NF registered [71343064-144d-41ef-835e-e5ede41867a1:1] (../lib/sbi/nnrf-handler.c:1058)
05/17 18:30:42.613: [sbi] INFO: [BSF] (NRF-notify) NF Profile updated [71343064-144d-41ef-835e-e5ede41867a1:1] (../lib/sbi/nnrf-handler.c:1072)
05/17 18:31:10.526: [sbi] INFO: [UDR] (SCP-discover) NF registered [71350048-144d-41ef-9e7c-9132da4bde06:1] (../lib/sbi/path.c:211)
05/17 18:31:10.741: [sbi] WARNING: [UDR] (SCP-discover) NF has already been added [71350048-144d-41ef-9e7c-9132da4bde06:2] (../lib/sbi/path.c:216)
