Open5GS daemon v2.7.1

05/17 18:20:52.841: [app] INFO: Configuration: 'udm.yaml' (../lib/app/ogs-init.c:133)
05/17 18:20:52.841: [app] INFO: File Logging: 'log/open5gs/udm.log' (../lib/app/ogs-init.c:136)
05/17 18:20:52.842: [sbi] INFO: NF Service [nudm-ueau] (../lib/sbi/context.c:1841)
05/17 18:20:52.842: [sbi] INFO: NF Service [nudm-uecm] (../lib/sbi/context.c:1841)
05/17 18:20:52.842: [sbi] INFO: NF Service [nudm-sdm] (../lib/sbi/context.c:1841)
05/17 18:20:52.843: [sbi] INFO: nghttp2_server() [http://127.0.0.12]:7777 (../lib/sbi/nghttp2-server.c:414)
05/17 18:20:52.843: [app] INFO: UDM initialize...done (../src/udm/app.c:31)
05/17 18:20:52.843: [sbi] WARNING: [7] Failed to connect to 127.0.0.200 port 7777: Connection refused (../lib/sbi/client.c:698)
05/17 18:20:52.843: [sbi] WARNING: ogs_sbi_client_handler() failed [-1] (../lib/sbi/path.c:62)
05/17 18:21:03.854: [sbi] WARNING: [183bf740-144c-41ef-9435-fd88e2ca8c1e] Retry registration with NRF (../lib/sbi/nf-sm.c:182)
05/17 18:21:03.863: [sbi] INFO: [183bf740-144c-41ef-9435-fd88e2ca8c1e] NF registered [Heartbeat:10s] (../lib/sbi/nf-sm.c:221)
05/17 18:21:03.866: [sbi] INFO: [1ecdda7e-144c-41ef-94f4-59214f0394da] Subscription created until 2024-05-18T18:21:03.865220+05:30 [duration:86400,validity:86399.999068,patch:43199.999534] (../lib/sbi/nnrf-handler.c:813)
05/17 18:21:03.866: [sbi] INFO: [1ecddf9c-144c-41ef-94f4-59214f0394da] Subscription created until 2024-05-18T18:21:03.865353+05:30 [duration:86400,validity:86399.998990,patch:43199.999495] (../lib/sbi/nnrf-handler.c:813)
05/17 18:21:34.025: [sbi] INFO: [UDR] (SCP-discover) NF registered [183cad7a-144c-41ef-844a-336638f93a9e:1] (../lib/sbi/path.c:211)
05/17 18:24:29.212: [app] INFO: SIGTERM received (../src/main.c:53)
05/17 18:24:29.212: [app] INFO: Open5GS daemon terminating... (../src/main.c:226)
05/17 18:24:29.212: [sbi] INFO: [183bf740-144c-41ef-9435-fd88e2ca8c1e] NF de-registered (../lib/sbi/nf-sm.c:248)
05/17 18:24:29.214: [app] INFO: UDM terminate...done (../src/udm/app.c:39)
Open5GS daemon v2.7.1

05/17 18:25:19.602: [app] INFO: Configuration: 'udm.yaml' (../lib/app/ogs-init.c:133)
05/17 18:25:19.602: [app] INFO: File Logging: 'log/open5gs/udm.log' (../lib/app/ogs-init.c:136)
05/17 18:25:19.603: [sbi] INFO: NF Service [nudm-ueau] (../lib/sbi/context.c:1841)
05/17 18:25:19.603: [sbi] INFO: NF Service [nudm-uecm] (../lib/sbi/context.c:1841)
05/17 18:25:19.603: [sbi] INFO: NF Service [nudm-sdm] (../lib/sbi/context.c:1841)
05/17 18:25:19.603: [sbi] INFO: nghttp2_server() [http://127.0.0.12]:7777 (../lib/sbi/nghttp2-server.c:414)
05/17 18:25:19.603: [app] INFO: UDM initialize...done (../src/udm/app.c:31)
05/17 18:25:19.604: [sbi] ERROR: [b73c6302-144c-41ef-bc79-01b7a53dcf83] HTTP Response Status Code [500] (../lib/sbi/nf-sm.c:158)
05/17 18:25:21.606: [sbi] WARNING: [b73c6302-144c-41ef-bc79-01b7a53dcf83] Retry registration with NRF (../lib/sbi/nf-sm.c:405)
05/17 18:25:21.613: [sbi] INFO: [b73c6302-144c-41ef-bc79-01b7a53dcf83] NF registered [Heartbeat:10s] (../lib/sbi/nf-sm.c:221)
05/17 18:25:21.614: [sbi] INFO: [b86f336c-144c-41ef-a3df-7f560d7d2a7d] Subscription created until 2024-05-18T18:25:21.614032+05:30 [duration:86400,validity:86399.999177,patch:43199.999588] (../lib/sbi/nnrf-handler.c:813)
05/17 18:25:21.615: [sbi] INFO: [b86f3de4-144c-41ef-a3df-7f560d7d2a7d] Subscription created until 2024-05-18T18:25:21.614297+05:30 [duration:86400,validity:86399.999174,patch:43199.999587] (../lib/sbi/nnrf-handler.c:813)
05/17 18:28:21.239: [sbi] INFO: [UDR] (SCP-discover) NF registered [b73d89f8-144c-41ef-90fa-953b7346d24d:1] (../lib/sbi/path.c:211)
05/17 18:28:21.490: [sbi] WARNING: [UDR] (SCP-discover) NF has already been added [b73d89f8-144c-41ef-90fa-953b7346d24d:2] (../lib/sbi/path.c:216)
05/17 18:29:30.981: [app] INFO: SIGTERM received (../src/main.c:53)
05/17 18:29:30.981: [app] INFO: Open5GS daemon terminating... (../src/main.c:226)
05/17 18:29:30.981: [sbi] INFO: [b73c6302-144c-41ef-bc79-01b7a53dcf83] NF de-registered (../lib/sbi/nf-sm.c:248)
05/17 18:29:30.983: [app] INFO: UDM terminate...done (../src/udm/app.c:39)
Open5GS daemon v2.7.1

05/17 18:30:08.106: [app] INFO: Configuration: 'udm.yaml' (../lib/app/ogs-init.c:133)
05/17 18:30:08.106: [app] INFO: File Logging: 'log/open5gs/udm.log' (../lib/app/ogs-init.c:136)
05/17 18:30:08.107: [sbi] INFO: NF Service [nudm-ueau] (../lib/sbi/context.c:1841)
05/17 18:30:08.107: [sbi] INFO: NF Service [nudm-uecm] (../lib/sbi/context.c:1841)
05/17 18:30:08.107: [sbi] INFO: NF Service [nudm-sdm] (../lib/sbi/context.c:1841)
05/17 18:30:08.107: [sbi] INFO: nghttp2_server() [http://127.0.0.12]:7777 (../lib/sbi/nghttp2-server.c:414)
05/17 18:30:08.107: [app] INFO: UDM initialize...done (../src/udm/app.c:31)
05/17 18:30:08.107: [sbi] WARNING: [7] Failed to connect to 127.0.0.200 port 7777: Connection refused (../lib/sbi/client.c:698)
05/17 18:30:08.107: [sbi] WARNING: ogs_sbi_client_handler() failed [-1] (../lib/sbi/path.c:62)
05/17 18:30:19.118: [sbi] WARNING: [633293f2-144d-41ef-87e7-676b00ec4e77] Retry registration with NRF (../lib/sbi/nf-sm.c:182)
05/17 18:30:19.128: [sbi] INFO: [633293f2-144d-41ef-87e7-676b00ec4e77] NF registered [Heartbeat:10s] (../lib/sbi/nf-sm.c:221)
05/17 18:30:19.130: [sbi] INFO: [69c46a6a-144d-41ef-a273-b5f37ed70598] Subscription created until 2024-05-18T18:30:19.129210+05:30 [duration:86400,validity:86399.998903,patch:43199.999451] (../lib/sbi/nnrf-handler.c:813)
05/17 18:30:19.130: [sbi] INFO: [69c4751e-144d-41ef-a273-b5f37ed70598] Subscription created until 2024-05-18T18:30:19.129495+05:30 [duration:86400,validity:86399.998973,patch:43199.999486] (../lib/sbi/nnrf-handler.c:813)
05/17 18:30:29.753: [app] INFO: SIGTERM received (../src/main.c:53)
05/17 18:30:29.753: [app] INFO: Open5GS daemon terminating... (../src/main.c:226)
05/17 18:30:29.753: [sbi] INFO: [633293f2-144d-41ef-87e7-676b00ec4e77] NF de-registered (../lib/sbi/nf-sm.c:248)
05/17 18:30:29.756: [app] INFO: UDM terminate...done (../src/udm/app.c:39)
Open5GS daemon v2.7.1

05/17 18:30:31.604: [app] INFO: Configuration: 'udm.yaml' (../lib/app/ogs-init.c:133)
05/17 18:30:31.604: [app] INFO: File Logging: 'log/open5gs/udm.log' (../lib/app/ogs-init.c:136)
05/17 18:30:31.605: [sbi] INFO: NF Service [nudm-ueau] (../lib/sbi/context.c:1841)
05/17 18:30:31.605: [sbi] INFO: NF Service [nudm-uecm] (../lib/sbi/context.c:1841)
05/17 18:30:31.605: [sbi] INFO: NF Service [nudm-sdm] (../lib/sbi/context.c:1841)
05/17 18:30:31.606: [sbi] INFO: nghttp2_server() [http://127.0.0.12]:7777 (../lib/sbi/nghttp2-server.c:414)
05/17 18:30:31.606: [app] INFO: UDM initialize...done (../src/udm/app.c:31)
05/17 18:30:31.606: [sbi] WARNING: [7] Failed to connect to 127.0.0.200 port 7777: Connection refused (../lib/sbi/client.c:698)
05/17 18:30:31.606: [sbi] WARNING: ogs_sbi_client_handler() failed [-1] (../lib/sbi/path.c:62)
05/17 18:30:42.613: [sbi] WARNING: [71342d94-144d-41ef-9342-df78b66ffcd3] Retry registration with NRF (../lib/sbi/nf-sm.c:182)
05/17 18:30:42.619: [sbi] INFO: [71342d94-144d-41ef-9342-df78b66ffcd3] NF registered [Heartbeat:10s] (../lib/sbi/nf-sm.c:221)
05/17 18:30:42.622: [sbi] INFO: [77c4fd28-144d-41ef-8bd9-35ff2bd7980b] Subscription created until 2024-05-18T18:30:42.621080+05:30 [duration:86400,validity:86399.998673,patch:43199.999336] (../lib/sbi/nnrf-handler.c:813)
05/17 18:30:42.622: [sbi] INFO: [77c504b2-144d-41ef-8bd9-35ff2bd7980b] Subscription created until 2024-05-18T18:30:42.621266+05:30 [duration:86400,validity:86399.998645,patch:43199.999322] (../lib/sbi/nnrf-handler.c:813)
05/17 18:31:10.500: [sbi] INFO: [UDR] (SCP-discover) NF registered [71350048-144d-41ef-9e7c-9132da4bde06:1] (../lib/sbi/path.c:211)
05/17 18:31:10.753: [sbi] WARNING: [UDR] (SCP-discover) NF has already been added [71350048-144d-41ef-9e7c-9132da4bde06:2] (../lib/sbi/path.c:216)
