Open5GS daemon v2.7.1

05/17 18:20:52.846: [app] INFO: Configuration: 'udr.yaml' (../lib/app/ogs-init.c:133)
05/17 18:20:52.846: [app] INFO: File Logging: 'log/open5gs/udr.log' (../lib/app/ogs-init.c:136)
05/17 18:20:52.848: [dbi] INFO: MongoDB URI: 'mongodb://localhost/open5gs' (../lib/dbi/ogs-mongoc.c:130)
05/17 18:20:52.848: [sbi] INFO: NF Service [nudr-dr] (../lib/sbi/context.c:1841)
05/17 18:20:52.848: [sbi] INFO: nghttp2_server() [http://127.0.0.20]:7777 (../lib/sbi/nghttp2-server.c:414)
05/17 18:20:52.848: [app] INFO: UDR initialize...done (../src/udr/app.c:31)
05/17 18:20:52.849: [sbi] INFO: [183cad7a-144c-41ef-844a-336638f93a9e] NF registered [Heartbeat:10s] (../lib/sbi/nf-sm.c:221)
05/17 18:20:52.849: [sbi] INFO: [183d025c-144c-41ef-94f4-59214f0394da] Subscription created until 2024-05-18T18:20:52.849629+05:30 [duration:86400,validity:86399.999797,patch:43199.999898] (../lib/sbi/nnrf-handler.c:813)
05/17 18:24:29.212: [app] INFO: SIGTERM received (../src/main.c:53)
05/17 18:24:29.228: [app] INFO: Open5GS daemon terminating... (../src/main.c:226)
05/17 18:24:29.228: [sbi] INFO: [183cad7a-144c-41ef-844a-336638f93a9e] NF de-registered (../lib/sbi/nf-sm.c:248)
05/17 18:24:29.229: [sbi] WARNING: [7] Failed to connect to 127.0.0.200 port 7777: Connection refused (../lib/sbi/client.c:698)
05/17 18:24:29.229: [sbi] WARNING: ogs_sbi_client_handler() failed [-1] (../lib/sbi/path.c:62)
05/17 18:24:29.231: [app] INFO: UDR terminate...done (../src/udr/app.c:39)
Open5GS daemon v2.7.1

05/17 18:25:19.608: [app] INFO: Configuration: 'udr.yaml' (../lib/app/ogs-init.c:133)
05/17 18:25:19.608: [app] INFO: File Logging: 'log/open5gs/udr.log' (../lib/app/ogs-init.c:136)
05/17 18:25:19.611: [dbi] INFO: MongoDB URI: 'mongodb://localhost/open5gs' (../lib/dbi/ogs-mongoc.c:130)
05/17 18:25:19.611: [sbi] INFO: NF Service [nudr-dr] (../lib/sbi/context.c:1841)
05/17 18:25:19.611: [sbi] INFO: nghttp2_server() [http://127.0.0.20]:7777 (../lib/sbi/nghttp2-server.c:414)
05/17 18:25:19.611: [app] INFO: UDR initialize...done (../src/udr/app.c:31)
05/17 18:25:19.613: [sbi] INFO: [b73d89f8-144c-41ef-90fa-953b7346d24d] NF registered [Heartbeat:10s] (../lib/sbi/nf-sm.c:221)
05/17 18:25:19.613: [sbi] INFO: [b73deaec-144c-41ef-a3df-7f560d7d2a7d] Subscription created until 2024-05-18T18:25:19.613315+05:30 [duration:86400,validity:86399.999369,patch:43199.999684] (../lib/sbi/nnrf-handler.c:813)
05/17 18:29:30.981: [app] INFO: SIGTERM received (../src/main.c:53)
05/17 18:29:30.981: [app] INFO: Open5GS daemon terminating... (../src/main.c:226)
05/17 18:29:30.981: [sbi] INFO: [b73d89f8-144c-41ef-90fa-953b7346d24d] NF de-registered (../lib/sbi/nf-sm.c:248)
05/17 18:29:30.983: [app] INFO: UDR terminate...done (../src/udr/app.c:39)
Open5GS daemon v2.7.1

05/17 18:30:08.111: [app] INFO: Configuration: 'udr.yaml' (../lib/app/ogs-init.c:133)
05/17 18:30:08.111: [app] INFO: File Logging: 'log/open5gs/udr.log' (../lib/app/ogs-init.c:136)
05/17 18:30:08.113: [dbi] INFO: MongoDB URI: 'mongodb://localhost/open5gs' (../lib/dbi/ogs-mongoc.c:130)
05/17 18:30:08.113: [sbi] INFO: NF Service [nudr-dr] (../lib/sbi/context.c:1841)
05/17 18:30:08.113: [sbi] INFO: nghttp2_server() [http://127.0.0.20]:7777 (../lib/sbi/nghttp2-server.c:414)
05/17 18:30:08.113: [app] INFO: UDR initialize...done (../src/udr/app.c:31)
05/17 18:30:08.115: [sbi] INFO: [63336bec-144d-41ef-97ff-7f2c233ede55] NF registered [Heartbeat:10s] (../lib/sbi/nf-sm.c:221)
05/17 18:30:08.115: [sbi] INFO: [6333deec-144d-41ef-a273-b5f37ed70598] Subscription created until 2024-05-18T18:30:08.115586+05:30 [duration:86400,validity:86399.999682,patch:43199.999841] (../lib/sbi/nnrf-handler.c:813)
05/17 18:30:29.753: [app] INFO: SIGTERM received (../src/main.c:53)
05/17 18:30:29.753: [app] INFO: Open5GS daemon terminating... (../src/main.c:226)
05/17 18:30:29.753: [sbi] INFO: [63336bec-144d-41ef-97ff-7f2c233ede55] NF de-registered (../lib/sbi/nf-sm.c:248)
05/17 18:30:29.757: [app] INFO: UDR terminate...done (../src/udr/app.c:39)
Open5GS daemon v2.7.1

05/17 18:30:31.609: [app] INFO: Configuration: 'udr.yaml' (../lib/app/ogs-init.c:133)
05/17 18:30:31.609: [app] INFO: File Logging: 'log/open5gs/udr.log' (../lib/app/ogs-init.c:136)
05/17 18:30:31.611: [dbi] INFO: MongoDB URI: 'mongodb://localhost/open5gs' (../lib/dbi/ogs-mongoc.c:130)
05/17 18:30:31.611: [sbi] INFO: NF Service [nudr-dr] (../lib/sbi/context.c:1841)
05/17 18:30:31.611: [sbi] INFO: nghttp2_server() [http://127.0.0.20]:7777 (../lib/sbi/nghttp2-server.c:414)
05/17 18:30:31.611: [app] INFO: UDR initialize...done (../src/udr/app.c:31)
05/17 18:30:31.613: [sbi] INFO: [71350048-144d-41ef-9e7c-9132da4bde06] NF registered [Heartbeat:10s] (../lib/sbi/nf-sm.c:221)
05/17 18:30:31.614: [sbi] INFO: [71356786-144d-41ef-8bd9-35ff2bd7980b] Subscription created until 2024-05-18T18:30:31.613741+05:30 [duration:86400,validity:86399.999734,patch:43199.999867] (../lib/sbi/nnrf-handler.c:813)
